<?xml version="1.0" encoding="UTF-8"?>
<!-- Generated by org.testng.reporters.JUnitXMLReporter -->
<testsuite hostname="Davids-MacBook-Pro.local" name="Default test" tests="6" failures="0" timestamp="18 Sep 2015 22:28:45 GMT" time="2.269" errors="0">
  <testcase name="@BeforeTest beforeTest" time="0.0" classname="Scripts.android.CountryPartiallySupported">
    <failure type="java.lang.NullPointerException">
      <![CDATA[java.lang.NullPointerException
	at lib.Omnidriver.getScreenSize(Omnidriver.java:114)
	at lib.Library.setupEnveroment(Library.java:80)
	at Scripts.android.CountryPartiallySupported.beforeTest(CountryPartiallySupported.java:32)
	at sun.reflect.NativeMethodAccessorImpl.invoke0(Native Method)
	at sun.reflect.NativeMethodAccessorImpl.invoke(NativeMethodAccessorImpl.java:62)
	at sun.reflect.DelegatingMethodAccessorImpl.invoke(DelegatingMethodAccessorImpl.java:43)
	at java.lang.reflect.Method.invoke(Method.java:497)
	at org.testng.internal.MethodInvocationHelper.invokeMethod(MethodInvocationHelper.java:84)
	at org.testng.internal.Invoker.invokeConfigurationMethod(Invoker.java:564)
	at org.testng.internal.Invoker.invokeConfigurations(Invoker.java:213)
	at org.testng.internal.Invoker.invokeConfigurations(Invoker.java:138)
	at org.testng.TestRunner.beforeRun(TestRunner.java:641)
	at org.testng.TestRunner.run(TestRunner.java:609)
	at org.testng.SuiteRunner.runTest(SuiteRunner.java:348)
	at org.testng.SuiteRunner.runSequentially(SuiteRunner.java:343)
	at org.testng.SuiteRunner.privateRun(SuiteRunner.java:305)
	at org.testng.SuiteRunner.run(SuiteRunner.java:254)
	at org.testng.SuiteRunnerWorker.runSuite(SuiteRunnerWorker.java:52)
	at org.testng.SuiteRunnerWorker.run(SuiteRunnerWorker.java:86)
	at org.testng.TestNG.runSuitesSequentially(TestNG.java:1224)
	at org.testng.TestNG.runSuitesLocally(TestNG.java:1149)
	at org.testng.TestNG.run(TestNG.java:1057)
	at org.testng.remote.RemoteTestNG.run(RemoteTestNG.java:111)
	at org.testng.remote.RemoteTestNG.initAndRun(RemoteTestNG.java:204)
	at org.testng.remote.RemoteTestNG.main(RemoteTestNG.java:175)
]]>
    </failure>
  </testcase> <!-- @BeforeTest beforeTest -->
  <testcase name="@BeforeMethod beforeMethod" time="0.0" classname="Scripts.android.CountryPartiallySupported">
    <skipped/>
  </testcase> <!-- @BeforeMethod beforeMethod -->
  <testcase name="@BeforeMethod beforeMethod" time="0.0" classname="Scripts.android.CountryPartiallySupported">
    <skipped/>
  </testcase> <!-- @BeforeMethod beforeMethod -->
  <testcase name="@BeforeMethod beforeMethod" time="0.0" classname="Scripts.android.CountryPartiallySupported">
    <skipped/>
  </testcase> <!-- @BeforeMethod beforeMethod -->
  <testcase name="@BeforeMethod beforeMethod" time="0.0" classname="Scripts.android.CountryPartiallySupported">
    <skipped/>
  </testcase> <!-- @BeforeMethod beforeMethod -->
  <testcase name="@BeforeMethod beforeMethod" time="0.0" classname="Scripts.android.CountryPartiallySupported">
    <skipped/>
  </testcase> <!-- @BeforeMethod beforeMethod -->
  <testcase name="@BeforeMethod beforeMethod" time="0.0" classname="Scripts.android.CountryPartiallySupported">
    <skipped/>
  </testcase> <!-- @BeforeMethod beforeMethod -->
  <testcase name="@AfterTest aftertest" time="0.0" classname="Scripts.android.CountryPartiallySupported">
    <skipped/>
  </testcase> <!-- @AfterTest aftertest -->
  <testcase name="test1_8_6" time="0.003" classname="Scripts.android.CountryPartiallySupported">
    <skipped/>
  </testcase> <!-- test1_8_6 -->
  <testcase name="test1_9a_2" time="0.001" classname="Scripts.android.CountryPartiallySupported">
    <skipped/>
  </testcase> <!-- test1_9a_2 -->
  <testcase name="test1_10_1" time="0.0" classname="Scripts.android.CountryPartiallySupported">
    <skipped/>
  </testcase> <!-- test1_10_1 -->
  <testcase name="test1_11_1" time="0.001" classname="Scripts.android.CountryPartiallySupported">
    <skipped/>
  </testcase> <!-- test1_11_1 -->
  <testcase name="test1_12_1" time="0.001" classname="Scripts.android.CountryPartiallySupported">
    <skipped/>
  </testcase> <!-- test1_12_1 -->
  <testcase name="test1_13_1" time="0.0" classname="Scripts.android.CountryPartiallySupported">
    <skipped/>
  </testcase> <!-- test1_13_1 -->
</testsuite> <!-- Default test -->
