<?xml version="1.0" encoding="UTF-8"?>
<testng-results skipped="0" failed="0" total="22" passed="22">
  <reporter-output>
    <line>
      <![CDATA[----------]]>
    </line>
    <line>
      <![CDATA[09/21/2015 - 09:44 AM]]>
    </line>
    <line>
      <![CDATA[Starting: Login Test]]>
    </line>
    <line>
      <![CDATA[----------]]>
    </line>
    <line>
      <![CDATA[<a href="/tmp/screenShot/2015_09_21/0944/----------_0.png" target = "_blank">]]>
    </line>
    <line>
      <![CDATA[<img src="/tmp/screenShot/2015_09_21/0944/----------_0.png" style="width:160px;height:266px">]]>
    </line>
    <line>
      <![CDATA[</a>]]>
    </line>
    <line>
      <![CDATA[Moble set to: true]]>
    </line>
    <line>
      <![CDATA[<a href="/tmp/screenShot/2015_09_21/0944/Moble set to: true_0.png" target = "_blank">]]>
    </line>
    <line>
      <![CDATA[<img src="/tmp/screenShot/2015_09_21/0944/Moble set to: true_0.png" style="width:160px;height:266px">]]>
    </line>
    <line>
      <![CDATA[</a>]]>
    </line>
    <line>
      <![CDATA[----------]]>
    </line>
    <line>
      <![CDATA[09/21/2015 - 09:44 AM]]>
    </line>
    <line>
      <![CDATA[1.2.1: Verfiy Onboading screen loads]]>
    </line>
    <line>
      <![CDATA[----------]]>
    </line>
    <line>
      <![CDATA[<a href="/tmp/screenShot/2015_09_21/0944/----------_1.png" target = "_blank">]]>
    </line>
    <line>
      <![CDATA[<img src="/tmp/screenShot/2015_09_21/0944/----------_1.png" style="width:160px;height:266px">]]>
    </line>
    <line>
      <![CDATA[</a>]]>
    </line>
    <line>
      <![CDATA[Setting wait time to 60]]>
    </line>
    <line>
      <![CDATA[PASS: Found Onboarding screen]]>
    </line>
    <line>
      <![CDATA[<a href="/tmp/screenShot/2015_09_21/0944/PASS: Found Onboarding screen_0.png" target = "_blank">]]>
    </line>
    <line>
      <![CDATA[<img src="/tmp/screenShot/2015_09_21/0944/PASS: Found Onboarding screen_0.png" style="width:160px;height:266px">]]>
    </line>
    <line>
      <![CDATA[</a>]]>
    </line>
    <line>
      <![CDATA[Moble set to: true]]>
    </line>
    <line>
      <![CDATA[<a href="/tmp/screenShot/2015_09_21/0944/Moble set to: true_1.png" target = "_blank">]]>
    </line>
    <line>
      <![CDATA[<img src="/tmp/screenShot/2015_09_21/0944/Moble set to: true_1.png" style="width:160px;height:266px">]]>
    </line>
    <line>
      <![CDATA[</a>]]>
    </line>
    <line>
      <![CDATA[Setting wait time to 1]]>
    </line>
    <line>
      <![CDATA[----------]]>
    </line>
    <line>
      <![CDATA[09/21/2015 - 09:44 AM]]>
    </line>
    <line>
      <![CDATA[1.3.1:Verify Next button functionality]]>
    </line>
    <line>
      <![CDATA[----------]]>
    </line>
    <line>
      <![CDATA[<a href="/tmp/screenShot/2015_09_21/0944/----------_2.png" target = "_blank">]]>
    </line>
    <line>
      <![CDATA[<img src="/tmp/screenShot/2015_09_21/0944/----------_2.png" style="width:160px;height:266px">]]>
    </line>
    <line>
      <![CDATA[</a>]]>
    </line>
    <line>
      <![CDATA[Sending tap to NEXT button]]>
    </line>
    <line>
      <![CDATA[PASS: Found Page two]]>
    </line>
    <line>
      <![CDATA[<a href="/tmp/screenShot/2015_09_21/0944/PASS: Found Page two_0.png" target = "_blank">]]>
    </line>
    <line>
      <![CDATA[<img src="/tmp/screenShot/2015_09_21/0944/PASS: Found Page two_0.png" style="width:160px;height:266px">]]>
    </line>
    <line>
      <![CDATA[</a>]]>
    </line>
    <line>
      <![CDATA[Moble set to: true]]>
    </line>
    <line>
      <![CDATA[<a href="/tmp/screenShot/2015_09_21/0944/Moble set to: true_2.png" target = "_blank">]]>
    </line>
    <line>
      <![CDATA[<img src="/tmp/screenShot/2015_09_21/0944/Moble set to: true_2.png" style="width:160px;height:266px">]]>
    </line>
    <line>
      <![CDATA[</a>]]>
    </line>
    <line>
      <![CDATA[----------]]>
    </line>
    <line>
      <![CDATA[09/21/2015 - 09:44 AM]]>
    </line>
    <line>
      <![CDATA[1.4.1:Verify Next button functionality]]>
    </line>
    <line>
      <![CDATA[----------]]>
    </line>
    <line>
      <![CDATA[<a href="/tmp/screenShot/2015_09_21/0944/----------_3.png" target = "_blank">]]>
    </line>
    <line>
      <![CDATA[<img src="/tmp/screenShot/2015_09_21/0944/----------_3.png" style="width:160px;height:266px">]]>
    </line>
    <line>
      <![CDATA[</a>]]>
    </line>
    <line>
      <![CDATA[Sending tap to NEXT button]]>
    </line>
    <line>
      <![CDATA[PASS: Found Page Three]]>
    </line>
    <line>
      <![CDATA[<a href="/tmp/screenShot/2015_09_21/0944/PASS: Found Page Three_0.png" target = "_blank">]]>
    </line>
    <line>
      <![CDATA[<img src="/tmp/screenShot/2015_09_21/0944/PASS: Found Page Three_0.png" style="width:160px;height:266px">]]>
    </line>
    <line>
      <![CDATA[</a>]]>
    </line>
    <line>
      <![CDATA[Moble set to: true]]>
    </line>
    <line>
      <![CDATA[<a href="/tmp/screenShot/2015_09_21/0944/Moble set to: true_3.png" target = "_blank">]]>
    </line>
    <line>
      <![CDATA[<img src="/tmp/screenShot/2015_09_21/0944/Moble set to: true_3.png" style="width:160px;height:266px">]]>
    </line>
    <line>
      <![CDATA[</a>]]>
    </line>
    <line>
      <![CDATA[----------]]>
    </line>
    <line>
      <![CDATA[09/21/2015 - 09:44 AM]]>
    </line>
    <line>
      <![CDATA[1.5.2:Verify  Swip right functionality]]>
    </line>
    <line>
      <![CDATA[----------]]>
    </line>
    <line>
      <![CDATA[<a href="/tmp/screenShot/2015_09_21/0944/----------_4.png" target = "_blank">]]>
    </line>
    <line>
      <![CDATA[<img src="/tmp/screenShot/2015_09_21/0944/----------_4.png" style="width:160px;height:266px">]]>
    </line>
    <line>
      <![CDATA[</a>]]>
    </line>
    <line>
      <![CDATA[Speed to fast, slowing down to .5 seconds]]>
    </line>
    <line>
      <![CDATA[swipeing from (24, 400) To (479, 400) With speed 500]]>
    </line>
    <line>
      <![CDATA[PASS: Found Onboarding screen]]>
    </line>
    <line>
      <![CDATA[<a href="/tmp/screenShot/2015_09_21/0944/PASS: Found Onboarding screen_1.png" target = "_blank">]]>
    </line>
    <line>
      <![CDATA[<img src="/tmp/screenShot/2015_09_21/0944/PASS: Found Onboarding screen_1.png" style="width:160px;height:266px">]]>
    </line>
    <line>
      <![CDATA[</a>]]>
    </line>
    <line>
      <![CDATA[Speed to fast, slowing down to .5 seconds]]>
    </line>
    <line>
      <![CDATA[swipeing from (24, 400) To (479, 400) With speed 500]]>
    </line>
    <line>
      <![CDATA[PASS: Found Onboarding screen]]>
    </line>
    <line>
      <![CDATA[<a href="/tmp/screenShot/2015_09_21/0944/PASS: Found Onboarding screen_2.png" target = "_blank">]]>
    </line>
    <line>
      <![CDATA[<img src="/tmp/screenShot/2015_09_21/0944/PASS: Found Onboarding screen_2.png" style="width:160px;height:266px">]]>
    </line>
    <line>
      <![CDATA[</a>]]>
    </line>
    <line>
      <![CDATA[Moble set to: true]]>
    </line>
    <line>
      <![CDATA[<a href="/tmp/screenShot/2015_09_21/0944/Moble set to: true_4.png" target = "_blank">]]>
    </line>
    <line>
      <![CDATA[<img src="/tmp/screenShot/2015_09_21/0944/Moble set to: true_4.png" style="width:160px;height:266px">]]>
    </line>
    <line>
      <![CDATA[</a>]]>
    </line>
    <line>
      <![CDATA[Speed to fast, slowing down to .5 seconds]]>
    </line>
    <line>
      <![CDATA[swipeing from (456, 400) To (1, 400) With speed 500]]>
    </line>
    <line>
      <![CDATA[PASS: Found Page two]]>
    </line>
    <line>
      <![CDATA[<a href="/tmp/screenShot/2015_09_21/0944/PASS: Found Page two_1.png" target = "_blank">]]>
    </line>
    <line>
      <![CDATA[<img src="/tmp/screenShot/2015_09_21/0944/PASS: Found Page two_1.png" style="width:160px;height:266px">]]>
    </line>
    <line>
      <![CDATA[</a>]]>
    </line>
    <line>
      <![CDATA[Moble set to: true]]>
    </line>
    <line>
      <![CDATA[<a href="/tmp/screenShot/2015_09_21/0944/Moble set to: true_5.png" target = "_blank">]]>
    </line>
    <line>
      <![CDATA[<img src="/tmp/screenShot/2015_09_21/0944/Moble set to: true_5.png" style="width:160px;height:266px">]]>
    </line>
    <line>
      <![CDATA[</a>]]>
    </line>
    <line>
      <![CDATA[----------]]>
    </line>
    <line>
      <![CDATA[09/21/2015 - 09:44 AM]]>
    </line>
    <line>
      <![CDATA[1.4.2:Verify  Swip Left functionality]]>
    </line>
    <line>
      <![CDATA[----------]]>
    </line>
    <line>
      <![CDATA[<a href="/tmp/screenShot/2015_09_21/0944/----------_5.png" target = "_blank">]]>
    </line>
    <line>
      <![CDATA[<img src="/tmp/screenShot/2015_09_21/0944/----------_5.png" style="width:160px;height:266px">]]>
    </line>
    <line>
      <![CDATA[</a>]]>
    </line>
    <line>
      <![CDATA[Speed to fast, slowing down to .5 seconds]]>
    </line>
    <line>
      <![CDATA[swipeing from (456, 400) To (1, 400) With speed 500]]>
    </line>
    <line>
      <![CDATA[PASS: Found Page Three]]>
    </line>
    <line>
      <![CDATA[<a href="/tmp/screenShot/2015_09_21/0944/PASS: Found Page Three_1.png" target = "_blank">]]>
    </line>
    <line>
      <![CDATA[<img src="/tmp/screenShot/2015_09_21/0944/PASS: Found Page Three_1.png" style="width:160px;height:266px">]]>
    </line>
    <line>
      <![CDATA[</a>]]>
    </line>
    <line>
      <![CDATA[Moble set to: true]]>
    </line>
    <line>
      <![CDATA[<a href="/tmp/screenShot/2015_09_21/0944/Moble set to: true_6.png" target = "_blank">]]>
    </line>
    <line>
      <![CDATA[<img src="/tmp/screenShot/2015_09_21/0944/Moble set to: true_6.png" style="width:160px;height:266px">]]>
    </line>
    <line>
      <![CDATA[</a>]]>
    </line>
    <line>
      <![CDATA[----------]]>
    </line>
    <line>
      <![CDATA[09/21/2015 - 09:45 AM]]>
    </line>
    <line>
      <![CDATA[1.5.2:Verify Get Started button functionality]]>
    </line>
    <line>
      <![CDATA[----------]]>
    </line>
    <line>
      <![CDATA[<a href="/tmp/screenShot/2015_09_21/0944/----------_6.png" target = "_blank">]]>
    </line>
    <line>
      <![CDATA[<img src="/tmp/screenShot/2015_09_21/0944/----------_6.png" style="width:160px;height:266px">]]>
    </line>
    <line>
      <![CDATA[</a>]]>
    </line>
    <line>
      <![CDATA[Sending tap to GET STARTED button]]>
    </line>
    <line>
      <![CDATA[PASS: Found country select screen]]>
    </line>
    <line>
      <![CDATA[<a href="/tmp/screenShot/2015_09_21/0944/PASS: Found country select screen_0.png" target = "_blank">]]>
    </line>
    <line>
      <![CDATA[<img src="/tmp/screenShot/2015_09_21/0944/PASS: Found country select screen_0.png" style="width:160px;height:266px">]]>
    </line>
    <line>
      <![CDATA[</a>]]>
    </line>
    <line>
      <![CDATA[----------]]>
    </line>
    <line>
      <![CDATA[09/21/2015 - 09:45 AM]]>
    </line>
    <line>
      <![CDATA[Starting: Country Not Supported Test Test]]>
    </line>
    <line>
      <![CDATA[----------]]>
    </line>
    <line>
      <![CDATA[<a href="/tmp/screenShot/2015_09_21/0945/----------_0.png" target = "_blank">]]>
    </line>
    <line>
      <![CDATA[<img src="/tmp/screenShot/2015_09_21/0945/----------_0.png" style="width:160px;height:266px">]]>
    </line>
    <line>
      <![CDATA[</a>]]>
    </line>
    <line>
      <![CDATA[Setting wait time to 30]]>
    </line>
    <line>
      <![CDATA[Sending tap to NEXT button]]>
    </line>
    <line>
      <![CDATA[Sending tap to NEXT button]]>
    </line>
    <line>
      <![CDATA[Sending tap to GET STARTED button]]>
    </line>
    <line>
      <![CDATA[Moble set to: true]]>
    </line>
    <line>
      <![CDATA[<a href="/tmp/screenShot/2015_09_21/0945/Moble set to: true_0.png" target = "_blank">]]>
    </line>
    <line>
      <![CDATA[<img src="/tmp/screenShot/2015_09_21/0945/Moble set to: true_0.png" style="width:160px;height:266px">]]>
    </line>
    <line>
      <![CDATA[</a>]]>
    </line>
    <line>
      <![CDATA[Setting wait time to 1]]>
    </line>
    <line>
      <![CDATA[----------]]>
    </line>
    <line>
      <![CDATA[09/21/2015 - 09:45 AM]]>
    </line>
    <line>
      <![CDATA[1.8.4: Verify flow for unsuported location]]>
    </line>
    <line>
      <![CDATA[----------]]>
    </line>
    <line>
      <![CDATA[<a href="/tmp/screenShot/2015_09_21/0945/----------_1.png" target = "_blank">]]>
    </line>
    <line>
      <![CDATA[<img src="/tmp/screenShot/2015_09_21/0945/----------_1.png" style="width:160px;height:266px">]]>
    </line>
    <line>
      <![CDATA[</a>]]>
    </line>
    <line>
      <![CDATA[Sending tap to Country Button]]>
    </line>
    <line>
      <![CDATA[Sending tap to Unsuported country Afghanistan]]>
    </line>
    <line>
      <![CDATA[Sending tap to NEXT button]]>
    </line>
    <line>
      <![CDATA[PASS: Verify flow for unsuported location]]>
    </line>
    <line>
      <![CDATA[<a href="/tmp/screenShot/2015_09_21/0945/PASS: Verify flow for unsuported location_0.png" target = "_blank">]]>
    </line>
    <line>
      <![CDATA[<img src="/tmp/screenShot/2015_09_21/0945/PASS: Verify flow for unsuported location_0.png" style="width:160px;height:266px">]]>
    </line>
    <line>
      <![CDATA[</a>]]>
    </line>
    <line>
      <![CDATA[Moble set to: true]]>
    </line>
    <line>
      <![CDATA[<a href="/tmp/screenShot/2015_09_21/0945/Moble set to: true_1.png" target = "_blank">]]>
    </line>
    <line>
      <![CDATA[<img src="/tmp/screenShot/2015_09_21/0945/Moble set to: true_1.png" style="width:160px;height:266px">]]>
    </line>
    <line>
      <![CDATA[</a>]]>
    </line>
    <line>
      <![CDATA[----------]]>
    </line>
    <line>
      <![CDATA[09/21/2015 - 09:45 AM]]>
    </line>
    <line>
      <![CDATA[1.20.1:Sign up to recive email]]>
    </line>
    <line>
      <![CDATA[----------]]>
    </line>
    <line>
      <![CDATA[<a href="/tmp/screenShot/2015_09_21/0945/----------_2.png" target = "_blank">]]>
    </line>
    <line>
      <![CDATA[<img src="/tmp/screenShot/2015_09_21/0945/----------_2.png" style="width:160px;height:266px">]]>
    </line>
    <line>
      <![CDATA[</a>]]>
    </line>
    <line>
      <![CDATA[entering text: tester864@mailinator.com]]>
    </line>
    <line>
      <![CDATA[Sending tap to NEXT button]]>
    </line>
    <line>
      <![CDATA[Moble set to: true]]>
    </line>
    <line>
      <![CDATA[<a href="/tmp/screenShot/2015_09_21/0945/Moble set to: true_2.png" target = "_blank">]]>
    </line>
    <line>
      <![CDATA[<img src="/tmp/screenShot/2015_09_21/0945/Moble set to: true_2.png" style="width:160px;height:266px">]]>
    </line>
    <line>
      <![CDATA[</a>]]>
    </line>
    <line>
      <![CDATA[----------]]>
    </line>
    <line>
      <![CDATA[09/21/2015 - 09:46 AM]]>
    </line>
    <line>
      <![CDATA[1.22.1:Verify Next button functionality]]>
    </line>
    <line>
      <![CDATA[----------]]>
    </line>
    <line>
      <![CDATA[<a href="/tmp/screenShot/2015_09_21/0945/----------_3.png" target = "_blank">]]>
    </line>
    <line>
      <![CDATA[<img src="/tmp/screenShot/2015_09_21/0945/----------_3.png" style="width:160px;height:266px">]]>
    </line>
    <line>
      <![CDATA[</a>]]>
    </line>
    <line>
      <![CDATA[elements Found: 3]]>
    </line>
    <line>
      <![CDATA[<a href="/tmp/screenShot/2015_09_21/0945/elements Found: 3_0.png" target = "_blank">]]>
    </line>
    <line>
      <![CDATA[<img src="/tmp/screenShot/2015_09_21/0945/elements Found: 3_0.png" style="width:160px;height:266px">]]>
    </line>
    <line>
      <![CDATA[</a>]]>
    </line>
    <line>
      <![CDATA[Returning 3]]>
    </line>
    <line>
      <![CDATA[Found: Thank You!]]>
    </line>
    <line>
      <![CDATA[Found: Thanks for your interest in Abra. We will notify you as soon as Abra is available in your area.]]>
    </line>
    <line>
      <![CDATA[Found: Share the love]]>
    </line>
    <line>
      <![CDATA[PASS: Verifying all text]]>
    </line>
    <line>
      <![CDATA[<a href="/tmp/screenShot/2015_09_21/0945/PASS: Verifying all text_0.png" target = "_blank">]]>
    </line>
    <line>
      <![CDATA[<img src="/tmp/screenShot/2015_09_21/0945/PASS: Verifying all text_0.png" style="width:160px;height:266px">]]>
    </line>
    <line>
      <![CDATA[</a>]]>
    </line>
    <line>
      <![CDATA[----------]]>
    </line>
    <line>
      <![CDATA[09/21/2015 - 09:46 AM]]>
    </line>
    <line>
      <![CDATA[Starting: Country Partially Supported Test]]>
    </line>
    <line>
      <![CDATA[----------]]>
    </line>
    <line>
      <![CDATA[<a href="/tmp/screenShot/2015_09_21/0946/----------_0.png" target = "_blank">]]>
    </line>
    <line>
      <![CDATA[<img src="/tmp/screenShot/2015_09_21/0946/----------_0.png" style="width:160px;height:266px">]]>
    </line>
    <line>
      <![CDATA[</a>]]>
    </line>
    <line>
      <![CDATA[Setting wait time to 30]]>
    </line>
    <line>
      <![CDATA[Moble set to: false]]>
    </line>
    <line>
      <![CDATA[<a href="/tmp/screenShot/2015_09_21/0946/Moble set to: false_0.png" target = "_blank">]]>
    </line>
    <line>
      <![CDATA[<img src="/tmp/screenShot/2015_09_21/0946/Moble set to: false_0.png" style="width:334px;height:346px">]]>
    </line>
    <line>
      <![CDATA[</a>]]>
    </line>
    <line>
      <![CDATA[Navigateing to https://numberproxy.com/login.php]]>
    </line>
    <line>
      <![CDATA[entering text: david@goabra.com]]>
    </line>
    <line>
      <![CDATA[entering text: nmbiey2d]]>
    </line>
    <line>
      <![CDATA[Sending tap to Login Button]]>
    </line>
    <line>
      <![CDATA[Navigateing to https://numberproxy.com/inbox.php]]>
    </line>
    <line>
      <![CDATA[Moble set to: true]]>
    </line>
    <line>
      <![CDATA[<a href="/tmp/screenShot/2015_09_21/0946/Moble set to: true_0.png" target = "_blank">]]>
    </line>
    <line>
      <![CDATA[<img src="/tmp/screenShot/2015_09_21/0946/Moble set to: true_0.png" style="width:160px;height:266px">]]>
    </line>
    <line>
      <![CDATA[</a>]]>
    </line>
    <line>
      <![CDATA[Moble set to: false]]>
    </line>
    <line>
      <![CDATA[<a href="/tmp/screenShot/2015_09_21/0946/Moble set to: false_1.png" target = "_blank">]]>
    </line>
    <line>
      <![CDATA[<img src="/tmp/screenShot/2015_09_21/0946/Moble set to: false_1.png" style="width:334px;height:346px">]]>
    </line>
    <line>
      <![CDATA[</a>]]>
    </line>
    <line>
      <![CDATA[Sending tap to Checkall Button]]>
    </line>
    <line>
      <![CDATA[Sending tap to delete All Selected Button]]>
    </line>
    <line>
      <![CDATA[no Displayed element of mesg check box Button found of 0]]>
    </line>
    <line>
      <![CDATA[Moble set to: true]]>
    </line>
    <line>
      <![CDATA[<a href="/tmp/screenShot/2015_09_21/0946/Moble set to: true_1.png" target = "_blank">]]>
    </line>
    <line>
      <![CDATA[<img src="/tmp/screenShot/2015_09_21/0946/Moble set to: true_1.png" style="width:160px;height:266px">]]>
    </line>
    <line>
      <![CDATA[</a>]]>
    </line>
    <line>
      <![CDATA[Sending tap to NEXT button]]>
    </line>
    <line>
      <![CDATA[Sending tap to NEXT button]]>
    </line>
    <line>
      <![CDATA[Sending tap to GET STARTED button]]>
    </line>
    <line>
      <![CDATA[Moble set to: true]]>
    </line>
    <line>
      <![CDATA[<a href="/tmp/screenShot/2015_09_21/0946/Moble set to: true_2.png" target = "_blank">]]>
    </line>
    <line>
      <![CDATA[<img src="/tmp/screenShot/2015_09_21/0946/Moble set to: true_2.png" style="width:160px;height:266px">]]>
    </line>
    <line>
      <![CDATA[</a>]]>
    </line>
    <line>
      <![CDATA[Setting wait time to 5]]>
    </line>
    <line>
      <![CDATA[----------]]>
    </line>
    <line>
      <![CDATA[09/21/2015 - 09:47 AM]]>
    </line>
    <line>
      <![CDATA[1.8.5:Verify flow for Partially Supported location]]>
    </line>
    <line>
      <![CDATA[----------]]>
    </line>
    <line>
      <![CDATA[<a href="/tmp/screenShot/2015_09_21/0946/----------_1.png" target = "_blank">]]>
    </line>
    <line>
      <![CDATA[<img src="/tmp/screenShot/2015_09_21/0946/----------_1.png" style="width:160px;height:266px">]]>
    </line>
    <line>
      <![CDATA[</a>]]>
    </line>
    <line>
      <![CDATA[Sending tap to NEXT button]]>
    </line>
    <line>
      <![CDATA[PASS: Verify flow for Partially location (set up button)]]>
    </line>
    <line>
      <![CDATA[<a href="/tmp/screenShot/2015_09_21/0946/PASS: Verify flow for Partially location (set up button)_0.png" target = "_blank">]]>
    </line>
    <line>
      <![CDATA[<img src="/tmp/screenShot/2015_09_21/0946/PASS: Verify flow for Partially location (set up button)_0.png" style="width:160px;height:266px">]]>
    </line>
    <line>
      <![CDATA[</a>]]>
    </line>
    <line>
      <![CDATA[PASS: Verify flow for Partially location (Get notifed button)]]>
    </line>
    <line>
      <![CDATA[<a href="/tmp/screenShot/2015_09_21/0946/PASS: Verify flow for Partially location (Get notifed button)_0.png" target = "_blank">]]>
    </line>
    <line>
      <![CDATA[<img src="/tmp/screenShot/2015_09_21/0946/PASS: Verify flow for Partially location (Get notifed button)_0.png" style="width:160px;height:266px">]]>
    </line>
    <line>
      <![CDATA[</a>]]>
    </line>
    <line>
      <![CDATA[Moble set to: true]]>
    </line>
    <line>
      <![CDATA[<a href="/tmp/screenShot/2015_09_21/0946/Moble set to: true_3.png" target = "_blank">]]>
    </line>
    <line>
      <![CDATA[<img src="/tmp/screenShot/2015_09_21/0946/Moble set to: true_3.png" style="width:160px;height:266px">]]>
    </line>
    <line>
      <![CDATA[</a>]]>
    </line>
    <line>
      <![CDATA[----------]]>
    </line>
    <line>
      <![CDATA[09/21/2015 - 09:47 AM]]>
    </line>
    <line>
      <![CDATA[1.9-a.2: Log in with name/email]]>
    </line>
    <line>
      <![CDATA[----------]]>
    </line>
    <line>
      <![CDATA[<a href="/tmp/screenShot/2015_09_21/0946/----------_2.png" target = "_blank">]]>
    </line>
    <line>
      <![CDATA[<img src="/tmp/screenShot/2015_09_21/0946/----------_2.png" style="width:160px;height:266px">]]>
    </line>
    <line>
      <![CDATA[</a>]]>
    </line>
    <line>
      <![CDATA[Sending tap to Set up Button]]>
    </line>
    <line>
      <![CDATA[entering text: otto.mator@mailinator.com]]>
    </line>
    <line>
      <![CDATA[entering text: Otto]]>
    </line>
    <line>
      <![CDATA[entering text: Mator]]>
    </line>
    <line>
      <![CDATA[Sending tap to NEXT button]]>
    </line>
    <line>
      <![CDATA[PASS: Verify enter Pin Page]]>
    </line>
    <line>
      <![CDATA[<a href="/tmp/screenShot/2015_09_21/0946/PASS: Verify enter Pin Page_0.png" target = "_blank">]]>
    </line>
    <line>
      <![CDATA[<img src="/tmp/screenShot/2015_09_21/0946/PASS: Verify enter Pin Page_0.png" style="width:160px;height:266px">]]>
    </line>
    <line>
      <![CDATA[</a>]]>
    </line>
    <line>
      <![CDATA[Moble set to: true]]>
    </line>
    <line>
      <![CDATA[<a href="/tmp/screenShot/2015_09_21/0946/Moble set to: true_4.png" target = "_blank">]]>
    </line>
    <line>
      <![CDATA[<img src="/tmp/screenShot/2015_09_21/0946/Moble set to: true_4.png" style="width:160px;height:266px">]]>
    </line>
    <line>
      <![CDATA[</a>]]>
    </line>
    <line>
      <![CDATA[----------]]>
    </line>
    <line>
      <![CDATA[09/21/2015 - 09:47 AM]]>
    </line>
    <line>
      <![CDATA[1.10.1:Verify Enter pin functionality]]>
    </line>
    <line>
      <![CDATA[----------]]>
    </line>
    <line>
      <![CDATA[<a href="/tmp/screenShot/2015_09_21/0946/----------_3.png" target = "_blank">]]>
    </line>
    <line>
      <![CDATA[<img src="/tmp/screenShot/2015_09_21/0946/----------_3.png" style="width:160px;height:266px">]]>
    </line>
    <line>
      <![CDATA[</a>]]>
    </line>
    <line>
      <![CDATA[Sending tap to key: 2]]>
    </line>
    <line>
      <![CDATA[Sending tap to key: 5]]>
    </line>
    <line>
      <![CDATA[Sending tap to key: 8]]>
    </line>
    <line>
      <![CDATA[Sending tap to key: 0]]>
    </line>
    <line>
      <![CDATA[Sending tap to key: Enter]]>
    </line>
    <line>
      <![CDATA[PASS: Verify enter Pin Page]]>
    </line>
    <line>
      <![CDATA[<a href="/tmp/screenShot/2015_09_21/0946/PASS: Verify enter Pin Page_1.png" target = "_blank">]]>
    </line>
    <line>
      <![CDATA[<img src="/tmp/screenShot/2015_09_21/0946/PASS: Verify enter Pin Page_1.png" style="width:160px;height:266px">]]>
    </line>
    <line>
      <![CDATA[</a>]]>
    </line>
    <line>
      <![CDATA[Moble set to: true]]>
    </line>
    <line>
      <![CDATA[<a href="/tmp/screenShot/2015_09_21/0946/Moble set to: true_5.png" target = "_blank">]]>
    </line>
    <line>
      <![CDATA[<img src="/tmp/screenShot/2015_09_21/0946/Moble set to: true_5.png" style="width:160px;height:266px">]]>
    </line>
    <line>
      <![CDATA[</a>]]>
    </line>
    <line>
      <![CDATA[----------]]>
    </line>
    <line>
      <![CDATA[09/21/2015 - 09:47 AM]]>
    </line>
    <line>
      <![CDATA[1.11.1:Verify confirm pin]]>
    </line>
    <line>
      <![CDATA[----------]]>
    </line>
    <line>
      <![CDATA[<a href="/tmp/screenShot/2015_09_21/0946/----------_4.png" target = "_blank">]]>
    </line>
    <line>
      <![CDATA[<img src="/tmp/screenShot/2015_09_21/0946/----------_4.png" style="width:160px;height:266px">]]>
    </line>
    <line>
      <![CDATA[</a>]]>
    </line>
    <line>
      <![CDATA[Sending tap to key: 2]]>
    </line>
    <line>
      <![CDATA[Sending tap to key: 5]]>
    </line>
    <line>
      <![CDATA[Sending tap to key: 8]]>
    </line>
    <line>
      <![CDATA[Sending tap to key: 0]]>
    </line>
    <line>
      <![CDATA[Sending tap to key: Enter]]>
    </line>
    <line>
      <![CDATA[PASS: Verify enter Pin Page]]>
    </line>
    <line>
      <![CDATA[<a href="/tmp/screenShot/2015_09_21/0946/PASS: Verify enter Pin Page_2.png" target = "_blank">]]>
    </line>
    <line>
      <![CDATA[<img src="/tmp/screenShot/2015_09_21/0946/PASS: Verify enter Pin Page_2.png" style="width:160px;height:266px">]]>
    </line>
    <line>
      <![CDATA[</a>]]>
    </line>
    <line>
      <![CDATA[Moble set to: true]]>
    </line>
    <line>
      <![CDATA[<a href="/tmp/screenShot/2015_09_21/0946/Moble set to: true_6.png" target = "_blank">]]>
    </line>
    <line>
      <![CDATA[<img src="/tmp/screenShot/2015_09_21/0946/Moble set to: true_6.png" style="width:160px;height:266px">]]>
    </line>
    <line>
      <![CDATA[</a>]]>
    </line>
    <line>
      <![CDATA[----------]]>
    </line>
    <line>
      <![CDATA[09/21/2015 - 09:48 AM]]>
    </line>
    <line>
      <![CDATA[1.12.1:Verify enter Phone Number]]>
    </line>
    <line>
      <![CDATA[----------]]>
    </line>
    <line>
      <![CDATA[<a href="/tmp/screenShot/2015_09_21/0946/----------_5.png" target = "_blank">]]>
    </line>
    <line>
      <![CDATA[<img src="/tmp/screenShot/2015_09_21/0946/----------_5.png" style="width:160px;height:266px">]]>
    </line>
    <line>
      <![CDATA[</a>]]>
    </line>
    <line>
      <![CDATA[entering text: 4083897191]]>
    </line>
    <line>
      <![CDATA[Sending tap to NEXT button]]>
    </line>
    <line>
      <![CDATA[PASS: Verify enter code screen]]>
    </line>
    <line>
      <![CDATA[<a href="/tmp/screenShot/2015_09_21/0946/PASS: Verify enter code screen_0.png" target = "_blank">]]>
    </line>
    <line>
      <![CDATA[<img src="/tmp/screenShot/2015_09_21/0946/PASS: Verify enter code screen_0.png" style="width:160px;height:266px">]]>
    </line>
    <line>
      <![CDATA[</a>]]>
    </line>
    <line>
      <![CDATA[Moble set to: true]]>
    </line>
    <line>
      <![CDATA[<a href="/tmp/screenShot/2015_09_21/0946/Moble set to: true_7.png" target = "_blank">]]>
    </line>
    <line>
      <![CDATA[<img src="/tmp/screenShot/2015_09_21/0946/Moble set to: true_7.png" style="width:160px;height:266px">]]>
    </line>
    <line>
      <![CDATA[</a>]]>
    </line>
    <line>
      <![CDATA[----------]]>
    </line>
    <line>
      <![CDATA[09/21/2015 - 09:48 AM]]>
    </line>
    <line>
      <![CDATA[1.13.1:Verify recive and enter code]]>
    </line>
    <line>
      <![CDATA[----------]]>
    </line>
    <line>
      <![CDATA[<a href="/tmp/screenShot/2015_09_21/0946/----------_6.png" target = "_blank">]]>
    </line>
    <line>
      <![CDATA[<img src="/tmp/screenShot/2015_09_21/0946/----------_6.png" style="width:160px;height:266px">]]>
    </line>
    <line>
      <![CDATA[</a>]]>
    </line>
    <line>
      <![CDATA[Moble set to: false]]>
    </line>
    <line>
      <![CDATA[<a href="/tmp/screenShot/2015_09_21/0946/Moble set to: false_2.png" target = "_blank">]]>
    </line>
    <line>
      <![CDATA[<img src="/tmp/screenShot/2015_09_21/0946/Moble set to: false_2.png" style="width:334px;height:346px">]]>
    </line>
    <line>
      <![CDATA[</a>]]>
    </line>
    <line>
      <![CDATA[loading page]]>
    </line>
    <line>
      <![CDATA[Moble set to: false]]>
    </line>
    <line>
      <![CDATA[<a href="/tmp/screenShot/2015_09_21/0946/Moble set to: false_3.png" target = "_blank">]]>
    </line>
    <line>
      <![CDATA[<img src="/tmp/screenShot/2015_09_21/0946/Moble set to: false_3.png" style="width:334px;height:346px">]]>
    </line>
    <line>
      <![CDATA[</a>]]>
    </line>
    <line>
      <![CDATA[Found 2 Of unreadEmail]]>
    </line>
    <line>
      <![CDATA[Sending tap to unreadEmail]]>
    </line>
    <line>
      <![CDATA[Moble set to: true]]>
    </line>
    <line>
      <![CDATA[<a href="/tmp/screenShot/2015_09_21/0946/Moble set to: true_8.png" target = "_blank">]]>
    </line>
    <line>
      <![CDATA[<img src="/tmp/screenShot/2015_09_21/0946/Moble set to: true_8.png" style="width:160px;height:266px">]]>
    </line>
    <line>
      <![CDATA[</a>]]>
    </line>
    <line>
      <![CDATA[Moble set to: true]]>
    </line>
    <line>
      <![CDATA[<a href="/tmp/screenShot/2015_09_21/0946/Moble set to: true_9.png" target = "_blank">]]>
    </line>
    <line>
      <![CDATA[<img src="/tmp/screenShot/2015_09_21/0946/Moble set to: true_9.png" style="width:160px;height:266px">]]>
    </line>
    <line>
      <![CDATA[</a>]]>
    </line>
    <line>
      <![CDATA[entering text: 30767]]>
    </line>
    <line>
      <![CDATA[Sending tap to NEXT button]]>
    </line>
    <line>
      <![CDATA[PASS: Verify Page 1.16 loads]]>
    </line>
    <line>
      <![CDATA[<a href="/tmp/screenShot/2015_09_21/0946/PASS: Verify Page 1.16 loads_0.png" target = "_blank">]]>
    </line>
    <line>
      <![CDATA[<img src="/tmp/screenShot/2015_09_21/0946/PASS: Verify Page 1.16 loads_0.png" style="width:160px;height:266px">]]>
    </line>
    <line>
      <![CDATA[</a>]]>
    </line>
    <line>
      <![CDATA[----------]]>
    </line>
    <line>
      <![CDATA[09/21/2015 - 09:49 AM]]>
    </line>
    <line>
      <![CDATA[Starting: Country Supported Test Test]]>
    </line>
    <line>
      <![CDATA[----------]]>
    </line>
    <line>
      <![CDATA[<a href="/tmp/screenShot/2015_09_21/0949/----------_0.png" target = "_blank">]]>
    </line>
    <line>
      <![CDATA[<img src="/tmp/screenShot/2015_09_21/0949/----------_0.png" style="width:160px;height:266px">]]>
    </line>
    <line>
      <![CDATA[</a>]]>
    </line>
    <line>
      <![CDATA[Setting wait time to 30]]>
    </line>
    <line>
      <![CDATA[Sending tap to NEXT button]]>
    </line>
    <line>
      <![CDATA[Sending tap to NEXT button]]>
    </line>
    <line>
      <![CDATA[Sending tap to GET STARTED button]]>
    </line>
    <line>
      <![CDATA[Moble set to: true]]>
    </line>
    <line>
      <![CDATA[<a href="/tmp/screenShot/2015_09_21/0949/Moble set to: true_0.png" target = "_blank">]]>
    </line>
    <line>
      <![CDATA[<img src="/tmp/screenShot/2015_09_21/0949/Moble set to: true_0.png" style="width:160px;height:266px">]]>
    </line>
    <line>
      <![CDATA[</a>]]>
    </line>
    <line>
      <![CDATA[Setting wait time to 10]]>
    </line>
    <line>
      <![CDATA[----------]]>
    </line>
    <line>
      <![CDATA[09/21/2015 - 09:49 AM]]>
    </line>
    <line>
      <![CDATA[1.8.5: Verify flow for Suported location]]>
    </line>
    <line>
      <![CDATA[----------]]>
    </line>
    <line>
      <![CDATA[<a href="/tmp/screenShot/2015_09_21/0949/----------_1.png" target = "_blank">]]>
    </line>
    <line>
      <![CDATA[<img src="/tmp/screenShot/2015_09_21/0949/----------_1.png" style="width:160px;height:266px">]]>
    </line>
    <line>
      <![CDATA[</a>]]>
    </line>
    <line>
      <![CDATA[Sending tap to Country Button]]>
    </line>
    <line>
      <![CDATA[entering text: Ph]]>
    </line>
    <line>
      <![CDATA[Sending tap to Supported Country]]>
    </line>
    <line>
      <![CDATA[Sending tap to NEXT button]]>
    </line>
    <line>
      <![CDATA[PASS: Verify flow for unsuported location]]>
    </line>
    <line>
      <![CDATA[<a href="/tmp/screenShot/2015_09_21/0949/PASS: Verify flow for unsuported location_0.png" target = "_blank">]]>
    </line>
    <line>
      <![CDATA[<img src="/tmp/screenShot/2015_09_21/0949/PASS: Verify flow for unsuported location_0.png" style="width:160px;height:266px">]]>
    </line>
    <line>
      <![CDATA[</a>]]>
    </line>
    <line>
      <![CDATA[Moble set to: true]]>
    </line>
    <line>
      <![CDATA[<a href="/tmp/screenShot/2015_09_21/0949/Moble set to: true_1.png" target = "_blank">]]>
    </line>
    <line>
      <![CDATA[<img src="/tmp/screenShot/2015_09_21/0949/Moble set to: true_1.png" style="width:160px;height:266px">]]>
    </line>
    <line>
      <![CDATA[</a>]]>
    </line>
    <line>
      <![CDATA[----------]]>
    </line>
    <line>
      <![CDATA[09/21/2015 - 09:49 AM]]>
    </line>
    <line>
      <![CDATA[1.9-a.2: Log in with name/email]]>
    </line>
    <line>
      <![CDATA[----------]]>
    </line>
    <line>
      <![CDATA[<a href="/tmp/screenShot/2015_09_21/0949/----------_2.png" target = "_blank">]]>
    </line>
    <line>
      <![CDATA[<img src="/tmp/screenShot/2015_09_21/0949/----------_2.png" style="width:160px;height:266px">]]>
    </line>
    <line>
      <![CDATA[</a>]]>
    </line>
    <line>
      <![CDATA[entering text: otto.mator@mailinator.com]]>
    </line>
    <line>
      <![CDATA[entering text: Otto]]>
    </line>
    <line>
      <![CDATA[entering text: Mator]]>
    </line>
    <line>
      <![CDATA[Sending tap to NEXT button]]>
    </line>
    <line>
      <![CDATA[PASS: Verify enter Pin Page]]>
    </line>
    <line>
      <![CDATA[<a href="/tmp/screenShot/2015_09_21/0949/PASS: Verify enter Pin Page_0.png" target = "_blank">]]>
    </line>
    <line>
      <![CDATA[<img src="/tmp/screenShot/2015_09_21/0949/PASS: Verify enter Pin Page_0.png" style="width:160px;height:266px">]]>
    </line>
    <line>
      <![CDATA[</a>]]>
    </line>
    <line>
      <![CDATA[Moble set to: true]]>
    </line>
    <line>
      <![CDATA[<a href="/tmp/screenShot/2015_09_21/0949/Moble set to: true_2.png" target = "_blank">]]>
    </line>
    <line>
      <![CDATA[<img src="/tmp/screenShot/2015_09_21/0949/Moble set to: true_2.png" style="width:160px;height:266px">]]>
    </line>
    <line>
      <![CDATA[</a>]]>
    </line>
    <line>
      <![CDATA[----------]]>
    </line>
    <line>
      <![CDATA[09/21/2015 - 09:49 AM]]>
    </line>
    <line>
      <![CDATA[1.10.2:Verify error with  too few numbers]]>
    </line>
    <line>
      <![CDATA[----------]]>
    </line>
    <line>
      <![CDATA[<a href="/tmp/screenShot/2015_09_21/0949/----------_3.png" target = "_blank">]]>
    </line>
    <line>
      <![CDATA[<img src="/tmp/screenShot/2015_09_21/0949/----------_3.png" style="width:160px;height:266px">]]>
    </line>
    <line>
      <![CDATA[</a>]]>
    </line>
    <line>
      <![CDATA[Sending tap to key: 2]]>
    </line>
    <line>
      <![CDATA[Sending tap to key: 5]]>
    </line>
    <line>
      <![CDATA[Sending tap to key: 8]]>
    </line>
    <line>
      <![CDATA[Sending tap to key: Enter]]>
    </line>
    <line>
      <![CDATA[PASS: Should stay on the same screen]]>
    </line>
    <line>
      <![CDATA[<a href="/tmp/screenShot/2015_09_21/0949/PASS: Should stay on the same screen_0.png" target = "_blank">]]>
    </line>
    <line>
      <![CDATA[<img src="/tmp/screenShot/2015_09_21/0949/PASS: Should stay on the same screen_0.png" style="width:160px;height:266px">]]>
    </line>
    <line>
      <![CDATA[</a>]]>
    </line>
    <line>
      <![CDATA[Moble set to: true]]>
    </line>
    <line>
      <![CDATA[<a href="/tmp/screenShot/2015_09_21/0949/Moble set to: true_3.png" target = "_blank">]]>
    </line>
    <line>
      <![CDATA[<img src="/tmp/screenShot/2015_09_21/0949/Moble set to: true_3.png" style="width:160px;height:266px">]]>
    </line>
    <line>
      <![CDATA[</a>]]>
    </line>
    <line>
      <![CDATA[----------]]>
    </line>
    <line>
      <![CDATA[09/21/2015 - 09:50 AM]]>
    </line>
    <line>
      <![CDATA[1.10.3 Delete number from pin]]>
    </line>
    <line>
      <![CDATA[----------]]>
    </line>
    <line>
      <![CDATA[<a href="/tmp/screenShot/2015_09_21/0949/----------_4.png" target = "_blank">]]>
    </line>
    <line>
      <![CDATA[<img src="/tmp/screenShot/2015_09_21/0949/----------_4.png" style="width:160px;height:266px">]]>
    </line>
    <line>
      <![CDATA[</a>]]>
    </line>
    <line>
      <![CDATA[Sending tap to key: Delete]]>
    </line>
    <line>
      <![CDATA[no Displayed element of Third pin box found of 0]]>
    </line>
    <line>
      <![CDATA[PASS: Verify enter number is deleted]]>
    </line>
    <line>
      <![CDATA[<a href="/tmp/screenShot/2015_09_21/0949/PASS: Verify enter number is deleted_0.png" target = "_blank">]]>
    </line>
    <line>
      <![CDATA[<img src="/tmp/screenShot/2015_09_21/0949/PASS: Verify enter number is deleted_0.png" style="width:160px;height:266px">]]>
    </line>
    <line>
      <![CDATA[</a>]]>
    </line>
    <line>
      <![CDATA[Moble set to: true]]>
    </line>
    <line>
      <![CDATA[<a href="/tmp/screenShot/2015_09_21/0949/Moble set to: true_4.png" target = "_blank">]]>
    </line>
    <line>
      <![CDATA[<img src="/tmp/screenShot/2015_09_21/0949/Moble set to: true_4.png" style="width:160px;height:266px">]]>
    </line>
    <line>
      <![CDATA[</a>]]>
    </line>
    <line>
      <![CDATA[----------]]>
    </line>
    <line>
      <![CDATA[09/21/2015 - 09:50 AM]]>
    </line>
    <line>
      <![CDATA[1.11.1: enter mismatched Pin]]>
    </line>
    <line>
      <![CDATA[----------]]>
    </line>
    <line>
      <![CDATA[<a href="/tmp/screenShot/2015_09_21/0949/----------_5.png" target = "_blank">]]>
    </line>
    <line>
      <![CDATA[<img src="/tmp/screenShot/2015_09_21/0949/----------_5.png" style="width:160px;height:266px">]]>
    </line>
    <line>
      <![CDATA[</a>]]>
    </line>
    <line>
      <![CDATA[Sending tap to key: 8]]>
    </line>
    <line>
      <![CDATA[Sending tap to key: 0]]>
    </line>
    <line>
      <![CDATA[Sending tap to key: Enter]]>
    </line>
    <line>
      <![CDATA[Sending tap to key: 8]]>
    </line>
    <line>
      <![CDATA[Sending tap to key: 0]]>
    </line>
    <line>
      <![CDATA[Sending tap to key: 8]]>
    </line>
    <line>
      <![CDATA[Sending tap to key: 0]]>
    </line>
    <line>
      <![CDATA[Sending tap to key: Enter]]>
    </line>
    <line>
      <![CDATA[PASS: Verify Should stay on the same screen]]>
    </line>
    <line>
      <![CDATA[<a href="/tmp/screenShot/2015_09_21/0949/PASS: Verify Should stay on the same screen_0.png" target = "_blank">]]>
    </line>
    <line>
      <![CDATA[<img src="/tmp/screenShot/2015_09_21/0949/PASS: Verify Should stay on the same screen_0.png" style="width:160px;height:266px">]]>
    </line>
    <line>
      <![CDATA[</a>]]>
    </line>
    <line>
      <![CDATA[Moble set to: true]]>
    </line>
    <line>
      <![CDATA[<a href="/tmp/screenShot/2015_09_21/0949/Moble set to: true_5.png" target = "_blank">]]>
    </line>
    <line>
      <![CDATA[<img src="/tmp/screenShot/2015_09_21/0949/Moble set to: true_5.png" style="width:160px;height:266px">]]>
    </line>
    <line>
      <![CDATA[</a>]]>
    </line>
    <line>
      <![CDATA[----------]]>
    </line>
    <line>
      <![CDATA[09/21/2015 - 09:50 AM]]>
    </line>
    <line>
      <![CDATA[1.11.2: Back Button]]>
    </line>
    <line>
      <![CDATA[----------]]>
    </line>
    <line>
      <![CDATA[<a href="/tmp/screenShot/2015_09_21/0949/----------_6.png" target = "_blank">]]>
    </line>
    <line>
      <![CDATA[<img src="/tmp/screenShot/2015_09_21/0949/----------_6.png" style="width:160px;height:266px">]]>
    </line>
    <line>
      <![CDATA[</a>]]>
    </line>
    <line>
      <![CDATA[Sending tap to Back Button]]>
    </line>
    <line>
      <![CDATA[Sending tap to Back Button]]>
    </line>
    <line>
      <![CDATA[PASS: Verify Should return to sign up screen]]>
    </line>
    <line>
      <![CDATA[<a href="/tmp/screenShot/2015_09_21/0949/PASS: Verify Should return to sign up screen_0.png" target = "_blank">]]>
    </line>
    <line>
      <![CDATA[<img src="/tmp/screenShot/2015_09_21/0949/PASS: Verify Should return to sign up screen_0.png" style="width:160px;height:266px">]]>
    </line>
    <line>
      <![CDATA[</a>]]>
    </line>
  </reporter-output>
  <suite name="SignInSmokeTest" duration-ms="395981" started-at="2015-09-21T16:44:04Z" finished-at="2015-09-21T16:50:40Z">
    <groups>
    </groups>
    <test name="Login Test" duration-ms="64468" started-at="2015-09-21T16:44:04Z" finished-at="2015-09-21T16:45:09Z">
      <class name="Scripts.android.LoginTests">
        <test-method status="PASS" signature="beforeTest(org.testng.ITestContext)[pri:0, instance:Scripts.android.LoginTests@276438c9]" name="beforeTest" is-config="true" duration-ms="26853" started-at="2015-09-21T09:44:04Z" finished-at="2015-09-21T09:44:31Z">
          <params>
            <param index="0">
              <value>
                <![CDATA[org.testng.TestRunner@6ad3381f]]>
              </value>
            </param>
          </params>
          <reporter-output>
            <line>
              <![CDATA[----------]]>
            </line>
            <line>
              <![CDATA[09/21/2015 - 09:44 AM]]>
            </line>
            <line>
              <![CDATA[Starting: Login Test]]>
            </line>
            <line>
              <![CDATA[----------]]>
            </line>
            <line>
              <![CDATA[<a href="/tmp/screenShot/2015_09_21/0944/----------_0.png" target = "_blank">]]>
            </line>
            <line>
              <![CDATA[<img src="/tmp/screenShot/2015_09_21/0944/----------_0.png" style="width:160px;height:266px">]]>
            </line>
            <line>
              <![CDATA[</a>]]>
            </line>
          </reporter-output>
        </test-method> <!-- beforeTest -->
        <test-method status="PASS" signature="beforeMethod(java.lang.reflect.Method)[pri:0, instance:Scripts.android.LoginTests@276438c9]" name="beforeMethod" is-config="true" duration-ms="467" started-at="2015-09-21T09:44:31Z" finished-at="2015-09-21T09:44:32Z">
          <params>
            <param index="0">
              <value>
                <![CDATA[public void Scripts.android.LoginTests.test1_2_1()]]>
              </value>
            </param>
          </params>
          <reporter-output>
            <line>
              <![CDATA[Moble set to: true]]>
            </line>
            <line>
              <![CDATA[<a href="/tmp/screenShot/2015_09_21/0944/Moble set to: true_0.png" target = "_blank">]]>
            </line>
            <line>
              <![CDATA[<img src="/tmp/screenShot/2015_09_21/0944/Moble set to: true_0.png" style="width:160px;height:266px">]]>
            </line>
            <line>
              <![CDATA[</a>]]>
            </line>
          </reporter-output>
        </test-method> <!-- beforeMethod -->
        <test-method status="PASS" signature="test1_2_1()[pri:0, instance:Scripts.android.LoginTests@276438c9]" name="test1_2_1" duration-ms="9315" started-at="2015-09-21T09:44:32Z" finished-at="2015-09-21T09:44:41Z">
          <reporter-output>
            <line>
              <![CDATA[----------]]>
            </line>
            <line>
              <![CDATA[09/21/2015 - 09:44 AM]]>
            </line>
            <line>
              <![CDATA[1.2.1: Verfiy Onboading screen loads]]>
            </line>
            <line>
              <![CDATA[----------]]>
            </line>
            <line>
              <![CDATA[<a href="/tmp/screenShot/2015_09_21/0944/----------_1.png" target = "_blank">]]>
            </line>
            <line>
              <![CDATA[<img src="/tmp/screenShot/2015_09_21/0944/----------_1.png" style="width:160px;height:266px">]]>
            </line>
            <line>
              <![CDATA[</a>]]>
            </line>
            <line>
              <![CDATA[Setting wait time to 60]]>
            </line>
            <line>
              <![CDATA[PASS: Found Onboarding screen]]>
            </line>
            <line>
              <![CDATA[<a href="/tmp/screenShot/2015_09_21/0944/PASS: Found Onboarding screen_0.png" target = "_blank">]]>
            </line>
            <line>
              <![CDATA[<img src="/tmp/screenShot/2015_09_21/0944/PASS: Found Onboarding screen_0.png" style="width:160px;height:266px">]]>
            </line>
            <line>
              <![CDATA[</a>]]>
            </line>
          </reporter-output>
        </test-method> <!-- test1_2_1 -->
        <test-method status="PASS" signature="beforeMethod(java.lang.reflect.Method)[pri:0, instance:Scripts.android.LoginTests@276438c9]" name="beforeMethod" is-config="true" duration-ms="633" started-at="2015-09-21T09:44:41Z" finished-at="2015-09-21T09:44:42Z">
          <params>
            <param index="0">
              <value>
                <![CDATA[public void Scripts.android.LoginTests.test1_3_1()]]>
              </value>
            </param>
          </params>
          <reporter-output>
            <line>
              <![CDATA[Moble set to: true]]>
            </line>
            <line>
              <![CDATA[<a href="/tmp/screenShot/2015_09_21/0944/Moble set to: true_1.png" target = "_blank">]]>
            </line>
            <line>
              <![CDATA[<img src="/tmp/screenShot/2015_09_21/0944/Moble set to: true_1.png" style="width:160px;height:266px">]]>
            </line>
            <line>
              <![CDATA[</a>]]>
            </line>
            <line>
              <![CDATA[Setting wait time to 1]]>
            </line>
          </reporter-output>
        </test-method> <!-- beforeMethod -->
        <test-method status="PASS" signature="test1_3_1()[pri:0, instance:Scripts.android.LoginTests@276438c9]" name="test1_3_1" duration-ms="3074" started-at="2015-09-21T09:44:42Z" finished-at="2015-09-21T09:44:45Z">
          <reporter-output>
            <line>
              <![CDATA[----------]]>
            </line>
            <line>
              <![CDATA[09/21/2015 - 09:44 AM]]>
            </line>
            <line>
              <![CDATA[1.3.1:Verify Next button functionality]]>
            </line>
            <line>
              <![CDATA[----------]]>
            </line>
            <line>
              <![CDATA[<a href="/tmp/screenShot/2015_09_21/0944/----------_2.png" target = "_blank">]]>
            </line>
            <line>
              <![CDATA[<img src="/tmp/screenShot/2015_09_21/0944/----------_2.png" style="width:160px;height:266px">]]>
            </line>
            <line>
              <![CDATA[</a>]]>
            </line>
            <line>
              <![CDATA[Sending tap to NEXT button]]>
            </line>
            <line>
              <![CDATA[PASS: Found Page two]]>
            </line>
            <line>
              <![CDATA[<a href="/tmp/screenShot/2015_09_21/0944/PASS: Found Page two_0.png" target = "_blank">]]>
            </line>
            <line>
              <![CDATA[<img src="/tmp/screenShot/2015_09_21/0944/PASS: Found Page two_0.png" style="width:160px;height:266px">]]>
            </line>
            <line>
              <![CDATA[</a>]]>
            </line>
          </reporter-output>
        </test-method> <!-- test1_3_1 -->
        <test-method status="PASS" signature="beforeMethod(java.lang.reflect.Method)[pri:0, instance:Scripts.android.LoginTests@276438c9]" name="beforeMethod" is-config="true" duration-ms="488" started-at="2015-09-21T09:44:45Z" finished-at="2015-09-21T09:44:45Z">
          <params>
            <param index="0">
              <value>
                <![CDATA[public void Scripts.android.LoginTests.test1_4_1()]]>
              </value>
            </param>
          </params>
          <reporter-output>
            <line>
              <![CDATA[Moble set to: true]]>
            </line>
            <line>
              <![CDATA[<a href="/tmp/screenShot/2015_09_21/0944/Moble set to: true_2.png" target = "_blank">]]>
            </line>
            <line>
              <![CDATA[<img src="/tmp/screenShot/2015_09_21/0944/Moble set to: true_2.png" style="width:160px;height:266px">]]>
            </line>
            <line>
              <![CDATA[</a>]]>
            </line>
          </reporter-output>
        </test-method> <!-- beforeMethod -->
        <test-method status="PASS" signature="test1_4_1()[pri:0, instance:Scripts.android.LoginTests@276438c9]" name="test1_4_1" duration-ms="3020" started-at="2015-09-21T09:44:45Z" finished-at="2015-09-21T09:44:48Z">
          <reporter-output>
            <line>
              <![CDATA[----------]]>
            </line>
            <line>
              <![CDATA[09/21/2015 - 09:44 AM]]>
            </line>
            <line>
              <![CDATA[1.4.1:Verify Next button functionality]]>
            </line>
            <line>
              <![CDATA[----------]]>
            </line>
            <line>
              <![CDATA[<a href="/tmp/screenShot/2015_09_21/0944/----------_3.png" target = "_blank">]]>
            </line>
            <line>
              <![CDATA[<img src="/tmp/screenShot/2015_09_21/0944/----------_3.png" style="width:160px;height:266px">]]>
            </line>
            <line>
              <![CDATA[</a>]]>
            </line>
            <line>
              <![CDATA[Sending tap to NEXT button]]>
            </line>
            <line>
              <![CDATA[PASS: Found Page Three]]>
            </line>
            <line>
              <![CDATA[<a href="/tmp/screenShot/2015_09_21/0944/PASS: Found Page Three_0.png" target = "_blank">]]>
            </line>
            <line>
              <![CDATA[<img src="/tmp/screenShot/2015_09_21/0944/PASS: Found Page Three_0.png" style="width:160px;height:266px">]]>
            </line>
            <line>
              <![CDATA[</a>]]>
            </line>
          </reporter-output>
        </test-method> <!-- test1_4_1 -->
        <test-method status="PASS" signature="beforeMethod(java.lang.reflect.Method)[pri:0, instance:Scripts.android.LoginTests@276438c9]" name="beforeMethod" is-config="true" duration-ms="489" started-at="2015-09-21T09:44:48Z" finished-at="2015-09-21T09:44:49Z">
          <params>
            <param index="0">
              <value>
                <![CDATA[public void Scripts.android.LoginTests.test1_5_1()]]>
              </value>
            </param>
          </params>
          <reporter-output>
            <line>
              <![CDATA[Moble set to: true]]>
            </line>
            <line>
              <![CDATA[<a href="/tmp/screenShot/2015_09_21/0944/Moble set to: true_3.png" target = "_blank">]]>
            </line>
            <line>
              <![CDATA[<img src="/tmp/screenShot/2015_09_21/0944/Moble set to: true_3.png" style="width:160px;height:266px">]]>
            </line>
            <line>
              <![CDATA[</a>]]>
            </line>
          </reporter-output>
        </test-method> <!-- beforeMethod -->
        <test-method status="PASS" signature="test1_5_1()[pri:0, instance:Scripts.android.LoginTests@276438c9]" name="test1_5_1" duration-ms="5261" started-at="2015-09-21T09:44:49Z" finished-at="2015-09-21T09:44:54Z">
          <reporter-output>
            <line>
              <![CDATA[----------]]>
            </line>
            <line>
              <![CDATA[09/21/2015 - 09:44 AM]]>
            </line>
            <line>
              <![CDATA[1.5.2:Verify  Swip right functionality]]>
            </line>
            <line>
              <![CDATA[----------]]>
            </line>
            <line>
              <![CDATA[<a href="/tmp/screenShot/2015_09_21/0944/----------_4.png" target = "_blank">]]>
            </line>
            <line>
              <![CDATA[<img src="/tmp/screenShot/2015_09_21/0944/----------_4.png" style="width:160px;height:266px">]]>
            </line>
            <line>
              <![CDATA[</a>]]>
            </line>
            <line>
              <![CDATA[Speed to fast, slowing down to .5 seconds]]>
            </line>
            <line>
              <![CDATA[swipeing from (24, 400) To (479, 400) With speed 500]]>
            </line>
            <line>
              <![CDATA[PASS: Found Onboarding screen]]>
            </line>
            <line>
              <![CDATA[<a href="/tmp/screenShot/2015_09_21/0944/PASS: Found Onboarding screen_1.png" target = "_blank">]]>
            </line>
            <line>
              <![CDATA[<img src="/tmp/screenShot/2015_09_21/0944/PASS: Found Onboarding screen_1.png" style="width:160px;height:266px">]]>
            </line>
            <line>
              <![CDATA[</a>]]>
            </line>
            <line>
              <![CDATA[Speed to fast, slowing down to .5 seconds]]>
            </line>
            <line>
              <![CDATA[swipeing from (24, 400) To (479, 400) With speed 500]]>
            </line>
            <line>
              <![CDATA[PASS: Found Onboarding screen]]>
            </line>
            <line>
              <![CDATA[<a href="/tmp/screenShot/2015_09_21/0944/PASS: Found Onboarding screen_2.png" target = "_blank">]]>
            </line>
            <line>
              <![CDATA[<img src="/tmp/screenShot/2015_09_21/0944/PASS: Found Onboarding screen_2.png" style="width:160px;height:266px">]]>
            </line>
            <line>
              <![CDATA[</a>]]>
            </line>
          </reporter-output>
        </test-method> <!-- test1_5_1 -->
        <test-method status="PASS" signature="beforeMethod(java.lang.reflect.Method)[pri:0, instance:Scripts.android.LoginTests@276438c9]" name="beforeMethod" is-config="true" duration-ms="595" started-at="2015-09-21T09:44:54Z" finished-at="2015-09-21T09:44:55Z">
          <params>
            <param index="0">
              <value>
                <![CDATA[public void Scripts.android.LoginTests.test1_3_2()]]>
              </value>
            </param>
          </params>
          <reporter-output>
            <line>
              <![CDATA[Moble set to: true]]>
            </line>
            <line>
              <![CDATA[<a href="/tmp/screenShot/2015_09_21/0944/Moble set to: true_4.png" target = "_blank">]]>
            </line>
            <line>
              <![CDATA[<img src="/tmp/screenShot/2015_09_21/0944/Moble set to: true_4.png" style="width:160px;height:266px">]]>
            </line>
            <line>
              <![CDATA[</a>]]>
            </line>
          </reporter-output>
        </test-method> <!-- beforeMethod -->
        <test-method status="PASS" signature="test1_3_2()[pri:0, instance:Scripts.android.LoginTests@276438c9]" name="test1_3_2" duration-ms="2733" started-at="2015-09-21T09:44:55Z" finished-at="2015-09-21T09:44:57Z">
          <reporter-output>
            <line>
              <![CDATA[Speed to fast, slowing down to .5 seconds]]>
            </line>
            <line>
              <![CDATA[swipeing from (456, 400) To (1, 400) With speed 500]]>
            </line>
            <line>
              <![CDATA[PASS: Found Page two]]>
            </line>
            <line>
              <![CDATA[<a href="/tmp/screenShot/2015_09_21/0944/PASS: Found Page two_1.png" target = "_blank">]]>
            </line>
            <line>
              <![CDATA[<img src="/tmp/screenShot/2015_09_21/0944/PASS: Found Page two_1.png" style="width:160px;height:266px">]]>
            </line>
            <line>
              <![CDATA[</a>]]>
            </line>
          </reporter-output>
        </test-method> <!-- test1_3_2 -->
        <test-method status="PASS" signature="beforeMethod(java.lang.reflect.Method)[pri:0, instance:Scripts.android.LoginTests@276438c9]" name="beforeMethod" is-config="true" duration-ms="496" started-at="2015-09-21T09:44:57Z" finished-at="2015-09-21T09:44:58Z">
          <params>
            <param index="0">
              <value>
                <![CDATA[public void Scripts.android.LoginTests.test1_4_2()]]>
              </value>
            </param>
          </params>
          <reporter-output>
            <line>
              <![CDATA[Moble set to: true]]>
            </line>
            <line>
              <![CDATA[<a href="/tmp/screenShot/2015_09_21/0944/Moble set to: true_5.png" target = "_blank">]]>
            </line>
            <line>
              <![CDATA[<img src="/tmp/screenShot/2015_09_21/0944/Moble set to: true_5.png" style="width:160px;height:266px">]]>
            </line>
            <line>
              <![CDATA[</a>]]>
            </line>
          </reporter-output>
        </test-method> <!-- beforeMethod -->
        <test-method status="PASS" signature="test1_4_2()[pri:0, instance:Scripts.android.LoginTests@276438c9]" name="test1_4_2" duration-ms="2982" started-at="2015-09-21T09:44:58Z" finished-at="2015-09-21T09:45:01Z">
          <reporter-output>
            <line>
              <![CDATA[----------]]>
            </line>
            <line>
              <![CDATA[09/21/2015 - 09:44 AM]]>
            </line>
            <line>
              <![CDATA[1.4.2:Verify  Swip Left functionality]]>
            </line>
            <line>
              <![CDATA[----------]]>
            </line>
            <line>
              <![CDATA[<a href="/tmp/screenShot/2015_09_21/0944/----------_5.png" target = "_blank">]]>
            </line>
            <line>
              <![CDATA[<img src="/tmp/screenShot/2015_09_21/0944/----------_5.png" style="width:160px;height:266px">]]>
            </line>
            <line>
              <![CDATA[</a>]]>
            </line>
            <line>
              <![CDATA[Speed to fast, slowing down to .5 seconds]]>
            </line>
            <line>
              <![CDATA[swipeing from (456, 400) To (1, 400) With speed 500]]>
            </line>
            <line>
              <![CDATA[PASS: Found Page Three]]>
            </line>
            <line>
              <![CDATA[<a href="/tmp/screenShot/2015_09_21/0944/PASS: Found Page Three_1.png" target = "_blank">]]>
            </line>
            <line>
              <![CDATA[<img src="/tmp/screenShot/2015_09_21/0944/PASS: Found Page Three_1.png" style="width:160px;height:266px">]]>
            </line>
            <line>
              <![CDATA[</a>]]>
            </line>
          </reporter-output>
        </test-method> <!-- test1_4_2 -->
        <test-method status="PASS" signature="beforeMethod(java.lang.reflect.Method)[pri:0, instance:Scripts.android.LoginTests@276438c9]" name="beforeMethod" is-config="true" duration-ms="521" started-at="2015-09-21T09:45:01Z" finished-at="2015-09-21T09:45:01Z">
          <params>
            <param index="0">
              <value>
                <![CDATA[public void Scripts.android.LoginTests.test1_5_2()]]>
              </value>
            </param>
          </params>
          <reporter-output>
            <line>
              <![CDATA[Moble set to: true]]>
            </line>
            <line>
              <![CDATA[<a href="/tmp/screenShot/2015_09_21/0944/Moble set to: true_6.png" target = "_blank">]]>
            </line>
            <line>
              <![CDATA[<img src="/tmp/screenShot/2015_09_21/0944/Moble set to: true_6.png" style="width:160px;height:266px">]]>
            </line>
            <line>
              <![CDATA[</a>]]>
            </line>
          </reporter-output>
        </test-method> <!-- beforeMethod -->
        <test-method status="PASS" signature="test1_5_2()[pri:0, instance:Scripts.android.LoginTests@276438c9]" name="test1_5_2" duration-ms="3996" started-at="2015-09-21T09:45:01Z" finished-at="2015-09-21T09:45:05Z">
          <reporter-output>
            <line>
              <![CDATA[----------]]>
            </line>
            <line>
              <![CDATA[09/21/2015 - 09:45 AM]]>
            </line>
            <line>
              <![CDATA[1.5.2:Verify Get Started button functionality]]>
            </line>
            <line>
              <![CDATA[----------]]>
            </line>
            <line>
              <![CDATA[<a href="/tmp/screenShot/2015_09_21/0944/----------_6.png" target = "_blank">]]>
            </line>
            <line>
              <![CDATA[<img src="/tmp/screenShot/2015_09_21/0944/----------_6.png" style="width:160px;height:266px">]]>
            </line>
            <line>
              <![CDATA[</a>]]>
            </line>
            <line>
              <![CDATA[Sending tap to GET STARTED button]]>
            </line>
            <line>
              <![CDATA[PASS: Found country select screen]]>
            </line>
            <line>
              <![CDATA[<a href="/tmp/screenShot/2015_09_21/0944/PASS: Found country select screen_0.png" target = "_blank">]]>
            </line>
            <line>
              <![CDATA[<img src="/tmp/screenShot/2015_09_21/0944/PASS: Found country select screen_0.png" style="width:160px;height:266px">]]>
            </line>
            <line>
              <![CDATA[</a>]]>
            </line>
          </reporter-output>
        </test-method> <!-- test1_5_2 -->
        <test-method status="PASS" signature="aftertest()[pri:0, instance:Scripts.android.LoginTests@276438c9]" name="aftertest" is-config="true" duration-ms="3534" started-at="2015-09-21T09:45:05Z" finished-at="2015-09-21T09:45:09Z">
          <reporter-output>
          </reporter-output>
        </test-method> <!-- aftertest -->
      </class> <!-- Scripts.android.LoginTests -->
    </test> <!-- Login Test -->
    <test name="Country Not Supported Test Test" duration-ms="65359" started-at="2015-09-21T16:45:09Z" finished-at="2015-09-21T16:46:14Z">
      <class name="Scripts.android.CountryNotSupportedTest">
        <test-method status="PASS" signature="beforeTest(org.testng.ITestContext)[pri:0, instance:Scripts.android.CountryNotSupportedTest@31206beb]" name="beforeTest" is-config="true" duration-ms="40732" started-at="2015-09-21T09:45:09Z" finished-at="2015-09-21T09:45:50Z">
          <params>
            <param index="0">
              <value>
                <![CDATA[org.testng.TestRunner@34a875b3]]>
              </value>
            </param>
          </params>
          <reporter-output>
            <line>
              <![CDATA[----------]]>
            </line>
            <line>
              <![CDATA[09/21/2015 - 09:45 AM]]>
            </line>
            <line>
              <![CDATA[Starting: Country Not Supported Test Test]]>
            </line>
            <line>
              <![CDATA[----------]]>
            </line>
            <line>
              <![CDATA[<a href="/tmp/screenShot/2015_09_21/0945/----------_0.png" target = "_blank">]]>
            </line>
            <line>
              <![CDATA[<img src="/tmp/screenShot/2015_09_21/0945/----------_0.png" style="width:160px;height:266px">]]>
            </line>
            <line>
              <![CDATA[</a>]]>
            </line>
            <line>
              <![CDATA[Setting wait time to 30]]>
            </line>
            <line>
              <![CDATA[Sending tap to NEXT button]]>
            </line>
            <line>
              <![CDATA[Sending tap to NEXT button]]>
            </line>
            <line>
              <![CDATA[Sending tap to GET STARTED button]]>
            </line>
          </reporter-output>
        </test-method> <!-- beforeTest -->
        <test-method status="PASS" signature="beforeMethod(java.lang.reflect.Method)[pri:0, instance:Scripts.android.CountryNotSupportedTest@31206beb]" name="beforeMethod" is-config="true" duration-ms="569" started-at="2015-09-21T09:45:50Z" finished-at="2015-09-21T09:45:50Z">
          <params>
            <param index="0">
              <value>
                <![CDATA[public void Scripts.android.CountryNotSupportedTest.test1_8_4()]]>
              </value>
            </param>
          </params>
          <reporter-output>
            <line>
              <![CDATA[Moble set to: true]]>
            </line>
            <line>
              <![CDATA[<a href="/tmp/screenShot/2015_09_21/0945/Moble set to: true_0.png" target = "_blank">]]>
            </line>
            <line>
              <![CDATA[<img src="/tmp/screenShot/2015_09_21/0945/Moble set to: true_0.png" style="width:160px;height:266px">]]>
            </line>
            <line>
              <![CDATA[</a>]]>
            </line>
            <line>
              <![CDATA[Setting wait time to 1]]>
            </line>
          </reporter-output>
        </test-method> <!-- beforeMethod -->
        <test-method status="PASS" signature="test1_8_4()[pri:0, instance:Scripts.android.CountryNotSupportedTest@31206beb]" name="test1_8_4" duration-ms="8737" started-at="2015-09-21T09:45:50Z" finished-at="2015-09-21T09:45:59Z">
          <reporter-output>
            <line>
              <![CDATA[----------]]>
            </line>
            <line>
              <![CDATA[09/21/2015 - 09:45 AM]]>
            </line>
            <line>
              <![CDATA[1.8.4: Verify flow for unsuported location]]>
            </line>
            <line>
              <![CDATA[----------]]>
            </line>
            <line>
              <![CDATA[<a href="/tmp/screenShot/2015_09_21/0945/----------_1.png" target = "_blank">]]>
            </line>
            <line>
              <![CDATA[<img src="/tmp/screenShot/2015_09_21/0945/----------_1.png" style="width:160px;height:266px">]]>
            </line>
            <line>
              <![CDATA[</a>]]>
            </line>
            <line>
              <![CDATA[Sending tap to Country Button]]>
            </line>
            <line>
              <![CDATA[Sending tap to Unsuported country Afghanistan]]>
            </line>
            <line>
              <![CDATA[Sending tap to NEXT button]]>
            </line>
            <line>
              <![CDATA[PASS: Verify flow for unsuported location]]>
            </line>
            <line>
              <![CDATA[<a href="/tmp/screenShot/2015_09_21/0945/PASS: Verify flow for unsuported location_0.png" target = "_blank">]]>
            </line>
            <line>
              <![CDATA[<img src="/tmp/screenShot/2015_09_21/0945/PASS: Verify flow for unsuported location_0.png" style="width:160px;height:266px">]]>
            </line>
            <line>
              <![CDATA[</a>]]>
            </line>
          </reporter-output>
        </test-method> <!-- test1_8_4 -->
        <test-method status="PASS" signature="beforeMethod(java.lang.reflect.Method)[pri:0, instance:Scripts.android.CountryNotSupportedTest@31206beb]" name="beforeMethod" is-config="true" duration-ms="530" started-at="2015-09-21T09:45:59Z" finished-at="2015-09-21T09:45:59Z">
          <params>
            <param index="0">
              <value>
                <![CDATA[public void Scripts.android.CountryNotSupportedTest.test1_20_1()]]>
              </value>
            </param>
          </params>
          <reporter-output>
            <line>
              <![CDATA[Moble set to: true]]>
            </line>
            <line>
              <![CDATA[<a href="/tmp/screenShot/2015_09_21/0945/Moble set to: true_1.png" target = "_blank">]]>
            </line>
            <line>
              <![CDATA[<img src="/tmp/screenShot/2015_09_21/0945/Moble set to: true_1.png" style="width:160px;height:266px">]]>
            </line>
            <line>
              <![CDATA[</a>]]>
            </line>
          </reporter-output>
        </test-method> <!-- beforeMethod -->
        <test-method status="PASS" signature="test1_20_1()[pri:0, instance:Scripts.android.CountryNotSupportedTest@31206beb]" name="test1_20_1" duration-ms="9108" started-at="2015-09-21T09:45:59Z" finished-at="2015-09-21T09:46:09Z">
          <reporter-output>
            <line>
              <![CDATA[----------]]>
            </line>
            <line>
              <![CDATA[09/21/2015 - 09:45 AM]]>
            </line>
            <line>
              <![CDATA[1.20.1:Sign up to recive email]]>
            </line>
            <line>
              <![CDATA[----------]]>
            </line>
            <line>
              <![CDATA[<a href="/tmp/screenShot/2015_09_21/0945/----------_2.png" target = "_blank">]]>
            </line>
            <line>
              <![CDATA[<img src="/tmp/screenShot/2015_09_21/0945/----------_2.png" style="width:160px;height:266px">]]>
            </line>
            <line>
              <![CDATA[</a>]]>
            </line>
            <line>
              <![CDATA[entering text: tester864@mailinator.com]]>
            </line>
            <line>
              <![CDATA[Sending tap to NEXT button]]>
            </line>
          </reporter-output>
        </test-method> <!-- test1_20_1 -->
        <test-method status="PASS" signature="beforeMethod(java.lang.reflect.Method)[pri:0, instance:Scripts.android.CountryNotSupportedTest@31206beb]" name="beforeMethod" is-config="true" duration-ms="523" started-at="2015-09-21T09:46:09Z" finished-at="2015-09-21T09:46:09Z">
          <params>
            <param index="0">
              <value>
                <![CDATA[public void Scripts.android.CountryNotSupportedTest.test1_22_1()]]>
              </value>
            </param>
          </params>
          <reporter-output>
            <line>
              <![CDATA[Moble set to: true]]>
            </line>
            <line>
              <![CDATA[<a href="/tmp/screenShot/2015_09_21/0945/Moble set to: true_2.png" target = "_blank">]]>
            </line>
            <line>
              <![CDATA[<img src="/tmp/screenShot/2015_09_21/0945/Moble set to: true_2.png" style="width:160px;height:266px">]]>
            </line>
            <line>
              <![CDATA[</a>]]>
            </line>
          </reporter-output>
        </test-method> <!-- beforeMethod -->
        <test-method status="PASS" signature="test1_22_1()[pri:0, instance:Scripts.android.CountryNotSupportedTest@31206beb]" name="test1_22_1" duration-ms="1691" started-at="2015-09-21T09:46:09Z" finished-at="2015-09-21T09:46:11Z">
          <reporter-output>
            <line>
              <![CDATA[----------]]>
            </line>
            <line>
              <![CDATA[09/21/2015 - 09:46 AM]]>
            </line>
            <line>
              <![CDATA[1.22.1:Verify Next button functionality]]>
            </line>
            <line>
              <![CDATA[----------]]>
            </line>
            <line>
              <![CDATA[<a href="/tmp/screenShot/2015_09_21/0945/----------_3.png" target = "_blank">]]>
            </line>
            <line>
              <![CDATA[<img src="/tmp/screenShot/2015_09_21/0945/----------_3.png" style="width:160px;height:266px">]]>
            </line>
            <line>
              <![CDATA[</a>]]>
            </line>
            <line>
              <![CDATA[elements Found: 3]]>
            </line>
            <line>
              <![CDATA[<a href="/tmp/screenShot/2015_09_21/0945/elements Found: 3_0.png" target = "_blank">]]>
            </line>
            <line>
              <![CDATA[<img src="/tmp/screenShot/2015_09_21/0945/elements Found: 3_0.png" style="width:160px;height:266px">]]>
            </line>
            <line>
              <![CDATA[</a>]]>
            </line>
            <line>
              <![CDATA[Returning 3]]>
            </line>
            <line>
              <![CDATA[Found: Thank You!]]>
            </line>
            <line>
              <![CDATA[Found: Thanks for your interest in Abra. We will notify you as soon as Abra is available in your area.]]>
            </line>
            <line>
              <![CDATA[Found: Share the love]]>
            </line>
            <line>
              <![CDATA[PASS: Verifying all text]]>
            </line>
            <line>
              <![CDATA[<a href="/tmp/screenShot/2015_09_21/0945/PASS: Verifying all text_0.png" target = "_blank">]]>
            </line>
            <line>
              <![CDATA[<img src="/tmp/screenShot/2015_09_21/0945/PASS: Verifying all text_0.png" style="width:160px;height:266px">]]>
            </line>
            <line>
              <![CDATA[</a>]]>
            </line>
          </reporter-output>
        </test-method> <!-- test1_22_1 -->
        <test-method status="PASS" signature="aftertest()[pri:0, instance:Scripts.android.CountryNotSupportedTest@31206beb]" name="aftertest" is-config="true" duration-ms="3467" started-at="2015-09-21T09:46:11Z" finished-at="2015-09-21T09:46:14Z">
          <reporter-output>
          </reporter-output>
        </test-method> <!-- aftertest -->
      </class> <!-- Scripts.android.CountryNotSupportedTest -->
    </test> <!-- Country Not Supported Test Test -->
    <test name="Country Partially Supported Test" duration-ms="139788" started-at="2015-09-21T16:46:15Z" finished-at="2015-09-21T16:48:34Z">
      <class name="Scripts.android.CountryPartiallySupported">
        <test-method status="PASS" signature="beforeTest(org.testng.ITestContext)[pri:0, instance:Scripts.android.CountryPartiallySupported@1372ed45]" name="beforeTest" is-config="true" duration-ms="55091" started-at="2015-09-21T09:46:15Z" finished-at="2015-09-21T09:47:10Z">
          <params>
            <param index="0">
              <value>
                <![CDATA[org.testng.TestRunner@4748a0f9]]>
              </value>
            </param>
          </params>
          <reporter-output>
            <line>
              <![CDATA[----------]]>
            </line>
            <line>
              <![CDATA[09/21/2015 - 09:46 AM]]>
            </line>
            <line>
              <![CDATA[Starting: Country Partially Supported Test]]>
            </line>
            <line>
              <![CDATA[----------]]>
            </line>
            <line>
              <![CDATA[<a href="/tmp/screenShot/2015_09_21/0946/----------_0.png" target = "_blank">]]>
            </line>
            <line>
              <![CDATA[<img src="/tmp/screenShot/2015_09_21/0946/----------_0.png" style="width:160px;height:266px">]]>
            </line>
            <line>
              <![CDATA[</a>]]>
            </line>
            <line>
              <![CDATA[Setting wait time to 30]]>
            </line>
            <line>
              <![CDATA[Moble set to: false]]>
            </line>
            <line>
              <![CDATA[<a href="/tmp/screenShot/2015_09_21/0946/Moble set to: false_0.png" target = "_blank">]]>
            </line>
            <line>
              <![CDATA[<img src="/tmp/screenShot/2015_09_21/0946/Moble set to: false_0.png" style="width:334px;height:346px">]]>
            </line>
            <line>
              <![CDATA[</a>]]>
            </line>
            <line>
              <![CDATA[Navigateing to https://numberproxy.com/login.php]]>
            </line>
            <line>
              <![CDATA[entering text: david@goabra.com]]>
            </line>
            <line>
              <![CDATA[entering text: nmbiey2d]]>
            </line>
            <line>
              <![CDATA[Sending tap to Login Button]]>
            </line>
            <line>
              <![CDATA[Navigateing to https://numberproxy.com/inbox.php]]>
            </line>
            <line>
              <![CDATA[Moble set to: true]]>
            </line>
            <line>
              <![CDATA[<a href="/tmp/screenShot/2015_09_21/0946/Moble set to: true_0.png" target = "_blank">]]>
            </line>
            <line>
              <![CDATA[<img src="/tmp/screenShot/2015_09_21/0946/Moble set to: true_0.png" style="width:160px;height:266px">]]>
            </line>
            <line>
              <![CDATA[</a>]]>
            </line>
            <line>
              <![CDATA[Moble set to: false]]>
            </line>
            <line>
              <![CDATA[<a href="/tmp/screenShot/2015_09_21/0946/Moble set to: false_1.png" target = "_blank">]]>
            </line>
            <line>
              <![CDATA[<img src="/tmp/screenShot/2015_09_21/0946/Moble set to: false_1.png" style="width:334px;height:346px">]]>
            </line>
            <line>
              <![CDATA[</a>]]>
            </line>
            <line>
              <![CDATA[Sending tap to Checkall Button]]>
            </line>
            <line>
              <![CDATA[Sending tap to delete All Selected Button]]>
            </line>
            <line>
              <![CDATA[no Displayed element of mesg check box Button found of 0]]>
            </line>
            <line>
              <![CDATA[Moble set to: true]]>
            </line>
            <line>
              <![CDATA[<a href="/tmp/screenShot/2015_09_21/0946/Moble set to: true_1.png" target = "_blank">]]>
            </line>
            <line>
              <![CDATA[<img src="/tmp/screenShot/2015_09_21/0946/Moble set to: true_1.png" style="width:160px;height:266px">]]>
            </line>
            <line>
              <![CDATA[</a>]]>
            </line>
            <line>
              <![CDATA[Sending tap to NEXT button]]>
            </line>
            <line>
              <![CDATA[Sending tap to NEXT button]]>
            </line>
            <line>
              <![CDATA[Sending tap to GET STARTED button]]>
            </line>
          </reporter-output>
        </test-method> <!-- beforeTest -->
        <test-method status="PASS" signature="beforeMethod(java.lang.reflect.Method)[pri:0, instance:Scripts.android.CountryPartiallySupported@1372ed45]" name="beforeMethod" is-config="true" duration-ms="566" started-at="2015-09-21T09:47:10Z" finished-at="2015-09-21T09:47:10Z">
          <params>
            <param index="0">
              <value>
                <![CDATA[public void Scripts.android.CountryPartiallySupported.test1_8_6()]]>
              </value>
            </param>
          </params>
          <reporter-output>
            <line>
              <![CDATA[Moble set to: true]]>
            </line>
            <line>
              <![CDATA[<a href="/tmp/screenShot/2015_09_21/0946/Moble set to: true_2.png" target = "_blank">]]>
            </line>
            <line>
              <![CDATA[<img src="/tmp/screenShot/2015_09_21/0946/Moble set to: true_2.png" style="width:160px;height:266px">]]>
            </line>
            <line>
              <![CDATA[</a>]]>
            </line>
            <line>
              <![CDATA[Setting wait time to 5]]>
            </line>
          </reporter-output>
        </test-method> <!-- beforeMethod -->
        <test-method status="PASS" signature="test1_8_6()[pri:0, instance:Scripts.android.CountryPartiallySupported@1372ed45]" name="test1_8_6" duration-ms="4230" started-at="2015-09-21T09:47:10Z" finished-at="2015-09-21T09:47:14Z">
          <reporter-output>
            <line>
[...]
            <param index="0">
              <value>
                <![CDATA[org.testng.TestRunner@4b14918a]]>
              </value>
            </param>
          </params>
          <reporter-output>
            <line>
              <![CDATA[----------]]>
            </line>
            <line>
              <![CDATA[09/21/2015 - 09:49 AM]]>
            </line>
            <line>
              <![CDATA[Starting: Country Supported Test Test]]>
            </line>
            <line>
              <![CDATA[----------]]>
            </line>
            <line>
              <![CDATA[<a href="/tmp/screenShot/2015_09_21/0949/----------_0.png" target = "_blank">]]>
            </line>
            <line>
              <![CDATA[<img src="/tmp/screenShot/2015_09_21/0949/----------_0.png" style="width:160px;height:266px">]]>
            </line>
            <line>
              <![CDATA[</a>]]>
            </line>
            <line>
              <![CDATA[Setting wait time to 30]]>
            </line>
            <line>
              <![CDATA[Sending tap to NEXT button]]>
            </line>
            <line>
              <![CDATA[Sending tap to NEXT button]]>
            </line>
            <line>
              <![CDATA[Sending tap to GET STARTED button]]>
            </line>
          </reporter-output>
        </test-method> <!-- beforeTest -->
        <test-method status="PASS" signature="beforeMethod(java.lang.reflect.Method)[pri:0, instance:Scripts.android.CountrySupportedTest@6a396c1e]" name="beforeMethod" is-config="true" duration-ms="504" started-at="2015-09-21T09:49:15Z" finished-at="2015-09-21T09:49:15Z">
          <params>
            <param index="0">
              <value>
                <![CDATA[public void Scripts.android.CountrySupportedTest.test1_8_5()]]>
              </value>
            </param>
          </params>
          <reporter-output>
            <line>
              <![CDATA[Moble set to: true]]>
            </line>
            <line>
              <![CDATA[<a href="/tmp/screenShot/2015_09_21/0949/Moble set to: true_0.png" target = "_blank">]]>
            </line>
            <line>
              <![CDATA[<img src="/tmp/screenShot/2015_09_21/0949/Moble set to: true_0.png" style="width:160px;height:266px">]]>
            </line>
            <line>
              <![CDATA[</a>]]>
            </line>
            <line>
              <![CDATA[Setting wait time to 10]]>
            </line>
          </reporter-output>
        </test-method> <!-- beforeMethod -->
        <test-method status="PASS" signature="test1_8_5()[pri:0, instance:Scripts.android.CountrySupportedTest@6a396c1e]" name="test1_8_5" duration-ms="14397" started-at="2015-09-21T09:49:15Z" finished-at="2015-09-21T09:49:30Z">
          <reporter-output>
            <line>
              <![CDATA[----------]]>
            </line>
            <line>
              <![CDATA[09/21/2015 - 09:49 AM]]>
            </line>
            <line>
              <![CDATA[1.8.5: Verify flow for Suported location]]>
            </line>
            <line>
              <![CDATA[----------]]>
            </line>
            <line>
              <![CDATA[<a href="/tmp/screenShot/2015_09_21/0949/----------_1.png" target = "_blank">]]>
            </line>
            <line>
              <![CDATA[<img src="/tmp/screenShot/2015_09_21/0949/----------_1.png" style="width:160px;height:266px">]]>
            </line>
            <line>
              <![CDATA[</a>]]>
            </line>
            <line>
              <![CDATA[Sending tap to Country Button]]>
            </line>
            <line>
              <![CDATA[entering text: Ph]]>
            </line>
            <line>
              <![CDATA[Sending tap to Supported Country]]>
            </line>
            <line>
              <![CDATA[Sending tap to NEXT button]]>
            </line>
            <line>
              <![CDATA[PASS: Verify flow for unsuported location]]>
            </line>
            <line>
              <![CDATA[<a href="/tmp/screenShot/2015_09_21/0949/PASS: Verify flow for unsuported location_0.png" target = "_blank">]]>
            </line>
            <line>
              <![CDATA[<img src="/tmp/screenShot/2015_09_21/0949/PASS: Verify flow for unsuported location_0.png" style="width:160px;height:266px">]]>
            </line>
            <line>
              <![CDATA[</a>]]>
            </line>
          </reporter-output>
        </test-method> <!-- test1_8_5 -->
        <test-method status="PASS" signature="beforeMethod(java.lang.reflect.Method)[pri:0, instance:Scripts.android.CountrySupportedTest@6a396c1e]" name="beforeMethod" is-config="true" duration-ms="504" started-at="2015-09-21T09:49:30Z" finished-at="2015-09-21T09:49:30Z">
          <params>
            <param index="0">
              <value>
                <![CDATA[public void Scripts.android.CountrySupportedTest.test1_9a_2()]]>
              </value>
            </param>
          </params>
          <reporter-output>
            <line>
              <![CDATA[Moble set to: true]]>
            </line>
            <line>
              <![CDATA[<a href="/tmp/screenShot/2015_09_21/0949/Moble set to: true_1.png" target = "_blank">]]>
            </line>
            <line>
              <![CDATA[<img src="/tmp/screenShot/2015_09_21/0949/Moble set to: true_1.png" style="width:160px;height:266px">]]>
            </line>
            <line>
              <![CDATA[</a>]]>
            </line>
          </reporter-output>
        </test-method> <!-- beforeMethod -->
        <test-method status="PASS" signature="test1_9a_2()[pri:0, instance:Scripts.android.CountrySupportedTest@6a396c1e]" name="test1_9a_2" duration-ms="21160" started-at="2015-09-21T09:49:30Z" finished-at="2015-09-21T09:49:52Z">
          <reporter-output>
            <line>
              <![CDATA[----------]]>
            </line>
            <line>
              <![CDATA[09/21/2015 - 09:49 AM]]>
            </line>
            <line>
              <![CDATA[1.9-a.2: Log in with name/email]]>
            </line>
            <line>
              <![CDATA[----------]]>
            </line>
            <line>
              <![CDATA[<a href="/tmp/screenShot/2015_09_21/0949/----------_2.png" target = "_blank">]]>
            </line>
            <line>
              <![CDATA[<img src="/tmp/screenShot/2015_09_21/0949/----------_2.png" style="width:160px;height:266px">]]>
            </line>
            <line>
              <![CDATA[</a>]]>
            </line>
            <line>
              <![CDATA[entering text: otto.mator@mailinator.com]]>
            </line>
            <line>
              <![CDATA[entering text: Otto]]>
            </line>
            <line>
              <![CDATA[entering text: Mator]]>
            </line>
            <line>
              <![CDATA[Sending tap to NEXT button]]>
            </line>
            <line>
              <![CDATA[PASS: Verify enter Pin Page]]>
            </line>
            <line>
              <![CDATA[<a href="/tmp/screenShot/2015_09_21/0949/PASS: Verify enter Pin Page_0.png" target = "_blank">]]>
            </line>
            <line>
              <![CDATA[<img src="/tmp/screenShot/2015_09_21/0949/PASS: Verify enter Pin Page_0.png" style="width:160px;height:266px">]]>
            </line>
            <line>
              <![CDATA[</a>]]>
            </line>
          </reporter-output>
        </test-method> <!-- test1_9a_2 -->
        <test-method status="PASS" signature="beforeMethod(java.lang.reflect.Method)[pri:0, instance:Scripts.android.CountrySupportedTest@6a396c1e]" name="beforeMethod" is-config="true" duration-ms="467" started-at="2015-09-21T09:49:52Z" finished-at="2015-09-21T09:49:52Z">
          <params>
            <param index="0">
              <value>
                <![CDATA[public void Scripts.android.CountrySupportedTest.test1_10_2()]]>
              </value>
            </param>
          </params>
          <reporter-output>
            <line>
              <![CDATA[Moble set to: true]]>
            </line>
            <line>
              <![CDATA[<a href="/tmp/screenShot/2015_09_21/0949/Moble set to: true_2.png" target = "_blank">]]>
            </line>
            <line>
              <![CDATA[<img src="/tmp/screenShot/2015_09_21/0949/Moble set to: true_2.png" style="width:160px;height:266px">]]>
            </line>
            <line>
              <![CDATA[</a>]]>
            </line>
          </reporter-output>
        </test-method> <!-- beforeMethod -->
        <test-method status="PASS" signature="test1_10_2()[pri:0, instance:Scripts.android.CountrySupportedTest@6a396c1e]" name="test1_10_2" duration-ms="8450" started-at="2015-09-21T09:49:52Z" finished-at="2015-09-21T09:50:00Z">
          <reporter-output>
            <line>
              <![CDATA[----------]]>
            </line>
            <line>
              <![CDATA[09/21/2015 - 09:49 AM]]>
            </line>
            <line>
              <![CDATA[1.10.2:Verify error with  too few numbers]]>
            </line>
            <line>
              <![CDATA[----------]]>
            </line>
            <line>
              <![CDATA[<a href="/tmp/screenShot/2015_09_21/0949/----------_3.png" target = "_blank">]]>
            </line>
            <line>
              <![CDATA[<img src="/tmp/screenShot/2015_09_21/0949/----------_3.png" style="width:160px;height:266px">]]>
            </line>
            <line>
              <![CDATA[</a>]]>
            </line>
            <line>
              <![CDATA[Sending tap to key: 2]]>
            </line>
            <line>
              <![CDATA[Sending tap to key: 5]]>
            </line>
            <line>
              <![CDATA[Sending tap to key: 8]]>
            </line>
            <line>
              <![CDATA[Sending tap to key: Enter]]>
            </line>
            <line>
              <![CDATA[PASS: Should stay on the same screen]]>
            </line>
            <line>
              <![CDATA[<a href="/tmp/screenShot/2015_09_21/0949/PASS: Should stay on the same screen_0.png" target = "_blank">]]>
            </line>
            <line>
              <![CDATA[<img src="/tmp/screenShot/2015_09_21/0949/PASS: Should stay on the same screen_0.png" style="width:160px;height:266px">]]>
            </line>
            <line>
              <![CDATA[</a>]]>
            </line>
          </reporter-output>
        </test-method> <!-- test1_10_2 -->
        <test-method status="PASS" signature="beforeMethod(java.lang.reflect.Method)[pri:0, instance:Scripts.android.CountrySupportedTest@6a396c1e]" name="beforeMethod" is-config="true" duration-ms="502" started-at="2015-09-21T09:50:00Z" finished-at="2015-09-21T09:50:01Z">
          <params>
            <param index="0">
              <value>
                <![CDATA[public void Scripts.android.CountrySupportedTest.test1_10_3()]]>
              </value>
            </param>
          </params>
          <reporter-output>
            <line>
              <![CDATA[Moble set to: true]]>
            </line>
            <line>
              <![CDATA[<a href="/tmp/screenShot/2015_09_21/0949/Moble set to: true_3.png" target = "_blank">]]>
            </line>
            <line>
              <![CDATA[<img src="/tmp/screenShot/2015_09_21/0949/Moble set to: true_3.png" style="width:160px;height:266px">]]>
            </line>
            <line>
              <![CDATA[</a>]]>
            </line>
          </reporter-output>
        </test-method> <!-- beforeMethod -->
        <test-method status="PASS" signature="test1_10_3()[pri:0, instance:Scripts.android.CountrySupportedTest@6a396c1e]" name="test1_10_3" duration-ms="13256" started-at="2015-09-21T09:50:01Z" finished-at="2015-09-21T09:50:14Z">
          <reporter-output>
            <line>
              <![CDATA[----------]]>
            </line>
            <line>
              <![CDATA[09/21/2015 - 09:50 AM]]>
            </line>
            <line>
              <![CDATA[1.10.3 Delete number from pin]]>
            </line>
            <line>
              <![CDATA[----------]]>
            </line>
            <line>
              <![CDATA[<a href="/tmp/screenShot/2015_09_21/0949/----------_4.png" target = "_blank">]]>
            </line>
            <line>
              <![CDATA[<img src="/tmp/screenShot/2015_09_21/0949/----------_4.png" style="width:160px;height:266px">]]>
            </line>
            <line>
              <![CDATA[</a>]]>
            </line>
            <line>
              <![CDATA[Sending tap to key: Delete]]>
            </line>
            <line>
              <![CDATA[no Displayed element of Third pin box found of 0]]>
            </line>
            <line>
              <![CDATA[PASS: Verify enter number is deleted]]>
            </line>
            <line>
              <![CDATA[<a href="/tmp/screenShot/2015_09_21/0949/PASS: Verify enter number is deleted_0.png" target = "_blank">]]>
            </line>
            <line>
              <![CDATA[<img src="/tmp/screenShot/2015_09_21/0949/PASS: Verify enter number is deleted_0.png" style="width:160px;height:266px">]]>
            </line>
            <line>
              <![CDATA[</a>]]>
            </line>
          </reporter-output>
        </test-method> <!-- test1_10_3 -->
        <test-method status="PASS" signature="beforeMethod(java.lang.reflect.Method)[pri:0, instance:Scripts.android.CountrySupportedTest@6a396c1e]" name="beforeMethod" is-config="true" duration-ms="461" started-at="2015-09-21T09:50:14Z" finished-at="2015-09-21T09:50:15Z">
          <params>
            <param index="0">
              <value>
                <![CDATA[public void Scripts.android.CountrySupportedTest.test1_11_1()]]>
              </value>
            </param>
          </params>
          <reporter-output>
            <line>
              <![CDATA[Moble set to: true]]>
            </line>
            <line>
              <![CDATA[<a href="/tmp/screenShot/2015_09_21/0949/Moble set to: true_4.png" target = "_blank">]]>
            </line>
            <line>
              <![CDATA[<img src="/tmp/screenShot/2015_09_21/0949/Moble set to: true_4.png" style="width:160px;height:266px">]]>
            </line>
            <line>
              <![CDATA[</a>]]>
            </line>
          </reporter-output>
        </test-method> <!-- beforeMethod -->
        <test-method status="PASS" signature="test1_11_1()[pri:0, instance:Scripts.android.CountrySupportedTest@6a396c1e]" name="test1_11_1" duration-ms="16667" started-at="2015-09-21T09:50:15Z" finished-at="2015-09-21T09:50:31Z">
          <reporter-output>
            <line>
              <![CDATA[----------]]>
            </line>
            <line>
              <![CDATA[09/21/2015 - 09:50 AM]]>
            </line>
            <line>
              <![CDATA[1.11.1: enter mismatched Pin]]>
            </line>
            <line>
              <![CDATA[----------]]>
            </line>
            <line>
              <![CDATA[<a href="/tmp/screenShot/2015_09_21/0949/----------_5.png" target = "_blank">]]>
            </line>
            <line>
              <![CDATA[<img src="/tmp/screenShot/2015_09_21/0949/----------_5.png" style="width:160px;height:266px">]]>
            </line>
            <line>
              <![CDATA[</a>]]>
            </line>
            <line>
              <![CDATA[Sending tap to key: 8]]>
            </line>
            <line>
              <![CDATA[Sending tap to key: 0]]>
            </line>
            <line>
              <![CDATA[Sending tap to key: Enter]]>
            </line>
            <line>
              <![CDATA[Sending tap to key: 8]]>
            </line>
            <line>
              <![CDATA[Sending tap to key: 0]]>
            </line>
            <line>
              <![CDATA[Sending tap to key: 8]]>
            </line>
            <line>
              <![CDATA[Sending tap to key: 0]]>
            </line>
            <line>
              <![CDATA[Sending tap to key: Enter]]>
            </line>
            <line>
              <![CDATA[PASS: Verify Should stay on the same screen]]>
            </line>
            <line>
              <![CDATA[<a href="/tmp/screenShot/2015_09_21/0949/PASS: Verify Should stay on the same screen_0.png" target = "_blank">]]>
            </line>
            <line>
              <![CDATA[<img src="/tmp/screenShot/2015_09_21/0949/PASS: Verify Should stay on the same screen_0.png" style="width:160px;height:266px">]]>
            </line>
            <line>
              <![CDATA[</a>]]>
            </line>
          </reporter-output>
        </test-method> <!-- test1_11_1 -->
        <test-method status="PASS" signature="beforeMethod(java.lang.reflect.Method)[pri:0, instance:Scripts.android.CountrySupportedTest@6a396c1e]" name="beforeMethod" is-config="true" duration-ms="488" started-at="2015-09-21T09:50:31Z" finished-at="2015-09-21T09:50:32Z">
          <params>
            <param index="0">
              <value>
                <![CDATA[public void Scripts.android.CountrySupportedTest.test1_11_2()]]>
              </value>
            </param>
          </params>
          <reporter-output>
            <line>
              <![CDATA[Moble set to: true]]>
            </line>
            <line>
              <![CDATA[<a href="/tmp/screenShot/2015_09_21/0949/Moble set to: true_5.png" target = "_blank">]]>
            </line>
            <line>
              <![CDATA[<img src="/tmp/screenShot/2015_09_21/0949/Moble set to: true_5.png" style="width:160px;height:266px">]]>
            </line>
            <line>
              <![CDATA[</a>]]>
            </line>
          </reporter-output>
        </test-method> <!-- beforeMethod -->
        <test-method status="PASS" signature="test1_11_2()[pri:0, instance:Scripts.android.CountrySupportedTest@6a396c1e]" name="test1_11_2" duration-ms="5022" started-at="2015-09-21T09:50:32Z" finished-at="2015-09-21T09:50:37Z">
          <reporter-output>
            <line>
              <![CDATA[----------]]>
            </line>
            <line>
              <![CDATA[09/21/2015 - 09:50 AM]]>
            </line>
            <line>
              <![CDATA[1.11.2: Back Button]]>
            </line>
            <line>
              <![CDATA[----------]]>
            </line>
            <line>
              <![CDATA[<a href="/tmp/screenShot/2015_09_21/0949/----------_6.png" target = "_blank">]]>
            </line>
            <line>
              <![CDATA[<img src="/tmp/screenShot/2015_09_21/0949/----------_6.png" style="width:160px;height:266px">]]>
            </line>
            <line>
              <![CDATA[</a>]]>
            </line>
            <line>
              <![CDATA[Sending tap to Back Button]]>
            </line>
            <line>
              <![CDATA[Sending tap to Back Button]]>
            </line>
            <line>
              <![CDATA[PASS: Verify Should return to sign up screen]]>
            </line>
            <line>
              <![CDATA[<a href="/tmp/screenShot/2015_09_21/0949/PASS: Verify Should return to sign up screen_0.png" target = "_blank">]]>
            </line>
            <line>
              <![CDATA[<img src="/tmp/screenShot/2015_09_21/0949/PASS: Verify Should return to sign up screen_0.png" style="width:160px;height:266px">]]>
            </line>
            <line>
              <![CDATA[</a>]]>
            </line>
          </reporter-output>
        </test-method> <!-- test1_11_2 -->
        <test-method status="PASS" signature="aftertest()[pri:0, instance:Scripts.android.CountrySupportedTest@6a396c1e]" name="aftertest" is-config="true" duration-ms="3567" started-at="2015-09-21T09:50:37Z" finished-at="2015-09-21T09:50:40Z">
          <reporter-output>
          </reporter-output>
        </test-method> <!-- aftertest -->
      </class> <!-- Scripts.android.CountrySupportedTest -->
    </test> <!-- Country Supported Test Test -->
  </suite> <!-- SignInSmokeTest -->
</testng-results>
