<?xml version="1.0" encoding="UTF-8"?>
<testng-results skipped="6" failed="0" total="6" passed="0">
  <reporter-output>
  </reporter-output>
  <suite name="Default suite" duration-ms="54" started-at="2015-09-17T19:33:49Z" finished-at="2015-09-17T19:33:49Z">
    <groups>
    </groups>
    <test name="Default test" duration-ms="54" started-at="2015-09-17T19:33:49Z" finished-at="2015-09-17T19:33:49Z">
      <class name="Scripts.android.CountryNotSupportedTest">
        <test-method status="FAIL" signature="beforeTest(org.testng.ITestContext)[pri:0, instance:Scripts.android.CountryNotSupportedTest@58695725]" name="beforeTest" is-config="true" duration-ms="0" started-at="2015-09-17T12:33:49Z" finished-at="2015-09-17T12:33:49Z">
          <params>
            <param index="0">
              <value>
                <![CDATA[org.testng.TestRunner@75437611]]>
              </value>
            </param>
          </params>
          <exception class="java.lang.NullPointerException">
            <full-stacktrace>
              <![CDATA[java.lang.NullPointerException
	at lib.Omnidriver.getScreenSize(Omnidriver.java:114)
	at lib.Library.setupEnveroment(Library.java:80)
	at Scripts.android.CountryNotSupportedTest.beforeTest(CountryNotSupportedTest.java:27)
	at sun.reflect.NativeMethodAccessorImpl.invoke0(Native Method)
	at sun.reflect.NativeMethodAccessorImpl.invoke(NativeMethodAccessorImpl.java:62)
	at sun.reflect.DelegatingMethodAccessorImpl.invoke(DelegatingMethodAccessorImpl.java:43)
	at java.lang.reflect.Method.invoke(Method.java:497)
	at org.testng.internal.MethodInvocationHelper.invokeMethod(MethodInvocationHelper.java:84)
	at org.testng.internal.Invoker.invokeConfigurationMethod(Invoker.java:564)
	at org.testng.internal.Invoker.invokeConfigurations(Invoker.java:213)
	at org.testng.internal.Invoker.invokeConfigurations(Invoker.java:138)
	at org.testng.TestRunner.beforeRun(TestRunner.java:641)
	at org.testng.TestRunner.run(TestRunner.java:609)
	at org.testng.SuiteRunner.runTest(SuiteRunner.java:348)
	at org.testng.SuiteRunner.runSequentially(SuiteRunner.java:343)
	at org.testng.SuiteRunner.privateRun(SuiteRunner.java:305)
	at org.testng.SuiteRunner.run(SuiteRunner.java:254)
	at org.testng.SuiteRunnerWorker.runSuite(SuiteRunnerWorker.java:52)
	at org.testng.SuiteRunnerWorker.run(SuiteRunnerWorker.java:86)
	at org.testng.TestNG.runSuitesSequentially(TestNG.java:1224)
	at org.testng.TestNG.runSuitesLocally(TestNG.java:1149)
	at org.testng.TestNG.run(TestNG.java:1057)
	at org.testng.remote.RemoteTestNG.run(RemoteTestNG.java:111)
	at org.testng.remote.RemoteTestNG.initAndRun(RemoteTestNG.java:204)
	at org.testng.remote.RemoteTestNG.main(RemoteTestNG.java:175)
]]>
            </full-stacktrace>
          </exception> <!-- java.lang.NullPointerException -->
          <reporter-output>
          </reporter-output>
        </test-method> <!-- beforeTest -->
        <test-method status="SKIP" signature="beforeMethod(java.lang.reflect.Method)[pri:0, instance:Scripts.android.CountryNotSupportedTest@58695725]" name="beforeMethod" is-config="true" duration-ms="0" started-at="2015-09-17T12:33:49Z" finished-at="2015-09-17T12:33:49Z">
          <reporter-output>
          </reporter-output>
        </test-method> <!-- beforeMethod -->
        <test-method status="SKIP" signature="test1_8_4()[pri:0, instance:Scripts.android.CountryNotSupportedTest@58695725]" name="test1_8_4" duration-ms="1" started-at="2015-09-17T12:33:49Z" finished-at="2015-09-17T12:33:49Z">
          <reporter-output>
          </reporter-output>
        </test-method> <!-- test1_8_4 -->
        <test-method status="SKIP" signature="test1_20_1()[pri:0, instance:Scripts.android.CountryNotSupportedTest@58695725]" name="test1_20_1" duration-ms="1" started-at="2015-09-17T12:33:49Z" finished-at="2015-09-17T12:33:49Z">
          <reporter-output>
          </reporter-output>
        </test-method> <!-- test1_20_1 -->
        <test-method status="SKIP" signature="beforeMethod(java.lang.reflect.Method)[pri:0, instance:Scripts.android.CountryNotSupportedTest@58695725]" name="beforeMethod" is-config="true" duration-ms="0" started-at="2015-09-17T12:33:49Z" finished-at="2015-09-17T12:33:49Z">
          <reporter-output>
          </reporter-output>
        </test-method> <!-- beforeMethod -->
        <test-method status="SKIP" signature="beforeMethod(java.lang.reflect.Method)[pri:0, instance:Scripts.android.CountryNotSupportedTest@58695725]" name="beforeMethod" is-config="true" duration-ms="0" started-at="2015-09-17T12:33:49Z" finished-at="2015-09-17T12:33:49Z">
          <reporter-output>
          </reporter-output>
        </test-method> <!-- beforeMethod -->
        <test-method status="SKIP" signature="test1_22_1()[pri:0, instance:Scripts.android.CountryNotSupportedTest@58695725]" name="test1_22_1" duration-ms="0" started-at="2015-09-17T12:33:49Z" finished-at="2015-09-17T12:33:49Z">
          <reporter-output>
          </reporter-output>
        </test-method> <!-- test1_22_1 -->
        <test-method status="SKIP" signature="beforeMethod(java.lang.reflect.Method)[pri:0, instance:Scripts.android.CountryNotSupportedTest@58695725]" name="beforeMethod" is-config="true" duration-ms="0" started-at="2015-09-17T12:33:49Z" finished-at="2015-09-17T12:33:49Z">
          <reporter-output>
          </reporter-output>
        </test-method> <!-- beforeMethod -->
        <test-method status="SKIP" signature="test1_3_2()[pri:0, instance:Scripts.android.CountryNotSupportedTest@58695725]" name="test1_3_2" duration-ms="1" started-at="2015-09-17T12:33:49Z" finished-at="2015-09-17T12:33:49Z">
          <reporter-output>
          </reporter-output>
        </test-method> <!-- test1_3_2 -->
        <test-method status="SKIP" signature="beforeMethod(java.lang.reflect.Method)[pri:0, instance:Scripts.android.CountryNotSupportedTest@58695725]" name="beforeMethod" is-config="true" duration-ms="0" started-at="2015-09-17T12:33:49Z" finished-at="2015-09-17T12:33:49Z">
          <reporter-output>
          </reporter-output>
        </test-method> <!-- beforeMethod -->
        <test-method status="SKIP" signature="test1_4_2()[pri:0, instance:Scripts.android.CountryNotSupportedTest@58695725]" name="test1_4_2" duration-ms="0" started-at="2015-09-17T12:33:49Z" finished-at="2015-09-17T12:33:49Z">
          <reporter-output>
          </reporter-output>
        </test-method> <!-- test1_4_2 -->
        <test-method status="SKIP" signature="beforeMethod(java.lang.reflect.Method)[pri:0, instance:Scripts.android.CountryNotSupportedTest@58695725]" name="beforeMethod" is-config="true" duration-ms="0" started-at="2015-09-17T12:33:49Z" finished-at="2015-09-17T12:33:49Z">
          <reporter-output>
          </reporter-output>
        </test-method> <!-- beforeMethod -->
        <test-method status="SKIP" signature="test1_5_2()[pri:0, instance:Scripts.android.CountryNotSupportedTest@58695725]" name="test1_5_2" duration-ms="0" started-at="2015-09-17T12:33:49Z" finished-at="2015-09-17T12:33:49Z">
          <reporter-output>
          </reporter-output>
        </test-method> <!-- test1_5_2 -->
        <test-method status="SKIP" signature="aftertest()[pri:0, instance:Scripts.android.CountryNotSupportedTest@58695725]" name="aftertest" is-config="true" duration-ms="0" started-at="2015-09-17T12:33:49Z" finished-at="2015-09-17T12:33:49Z">
          <reporter-output>
          </reporter-output>
        </test-method> <!-- aftertest -->
      </class> <!-- Scripts.android.CountryNotSupportedTest -->
    </test> <!-- Default test -->
  </suite> <!-- Default suite -->
</testng-results>
