<?xml version="1.0" encoding="UTF-8"?>
<!-- Generated by org.testng.reporters.JUnitXMLReporter -->
<testsuite hostname="Davids-MacBook-Pro.local" name="Country Not Supported Test Test" tests="3" failures="0" timestamp="21 Sep 2015 16:46:15 GMT" time="65.359" errors="0">
  <testcase name="test1_8_4" time="8.737" classname="Scripts.android.CountryNotSupportedTest"/>
  <testcase name="test1_20_1" time="9.108" classname="Scripts.android.CountryNotSupportedTest"/>
  <testcase name="test1_22_1" time="1.691" classname="Scripts.android.CountryNotSupportedTest"/>
</testsuite> <!-- Country Not Supported Test Test -->
