<?xml version="1.0" encoding="UTF-8"?>
<!-- Generated by org.testng.reporters.JUnitXMLReporter -->
<testsuite hostname="Davids-MacBook-Pro.local" name="Country Partially Supported Test" tests="6" failures="0" timestamp="21 Sep 2015 16:48:35 GMT" time="139.788" errors="0">
  <testcase name="test1_8_6" time="4.23" classname="Scripts.android.CountryPartiallySupported"/>
  <testcase name="test1_9a_2" time="22.901" classname="Scripts.android.CountryPartiallySupported"/>
  <testcase name="test1_10_1" time="11.129" classname="Scripts.android.CountryPartiallySupported"/>
  <testcase name="test1_11_1" time="13.176" classname="Scripts.android.CountryPartiallySupported"/>
  <testcase name="test1_12_1" time="10.062" classname="Scripts.android.CountryPartiallySupported"/>
  <testcase name="test1_13_1" time="16.607" classname="Scripts.android.CountryPartiallySupported"/>
</testsuite> <!-- Country Partially Supported Test -->
