<?xml version="1.0" encoding="UTF-8"?>
<!-- Generated by org.testng.reporters.JUnitXMLReporter -->
<testsuite hostname="Davids-MacBook-Pro.local" name="Country Supported Test Test" tests="6" failures="0" timestamp="21 Sep 2015 16:50:41 GMT" time="125.58" errors="0">
  <testcase name="test1_8_5" time="14.397" classname="Scripts.android.CountrySupportedTest"/>
  <testcase name="test1_9a_2" time="21.16" classname="Scripts.android.CountrySupportedTest"/>
  <testcase name="test1_10_2" time="8.45" classname="Scripts.android.CountrySupportedTest"/>
  <testcase name="test1_10_3" time="13.256" classname="Scripts.android.CountrySupportedTest"/>
  <testcase name="test1_11_1" time="16.667" classname="Scripts.android.CountrySupportedTest"/>
  <testcase name="test1_11_2" time="5.022" classname="Scripts.android.CountrySupportedTest"/>
</testsuite> <!-- Country Supported Test Test -->
