<?xml version="1.0" encoding="UTF-8"?>
<!-- Generated by org.testng.reporters.JUnitXMLReporter -->
<testsuite hostname="Davids-MacBook-Pro.local" name="Login Test" tests="7" failures="0" timestamp="21 Sep 2015 16:45:09 GMT" time="64.468" errors="0">
  <testcase name="test1_2_1" time="9.315" classname="Scripts.android.LoginTests"/>
  <testcase name="test1_3_1" time="3.074" classname="Scripts.android.LoginTests"/>
  <testcase name="test1_4_1" time="3.02" classname="Scripts.android.LoginTests"/>
  <testcase name="test1_5_1" time="5.261" classname="Scripts.android.LoginTests"/>
  <testcase name="test1_3_2" time="2.733" classname="Scripts.android.LoginTests"/>
  <testcase name="test1_4_2" time="2.982" classname="Scripts.android.LoginTests"/>
  <testcase name="test1_5_2" time="3.996" classname="Scripts.android.LoginTests"/>
</testsuite> <!-- Login Test -->
