<?xml version="1.0" encoding="UTF-8"?>
<!-- Generated by org.testng.reporters.JUnitXMLReporter -->
<testsuite hostname="Davids-MacBook-Pro.local" name="Sign in Smoke Test" tests="6" failures="0" timestamp="19 Sep 2015 00:14:10 GMT" time="24.187" errors="0">
  <testcase name="@BeforeTest beforeTest" time="0.0" classname="Scripts.android.CountrySupportedTest">
    <failure type="java.lang.NullPointerException">
      <![CDATA[java.lang.NullPointerException
	at lib.Omnidriver.getScreenSize(Omnidriver.java:114)
	at lib.Library.setupEnveroment(Library.java:80)
	at Scripts.android.CountrySupportedTest.beforeTest(CountrySupportedTest.java:28)
... Removed 22 stack frames]]>
    </failure>
  </testcase> <!-- @BeforeTest beforeTest -->
  <testcase name="@BeforeMethod beforeMethod" time="0.0" classname="Scripts.android.CountrySupportedTest">
    <skipped/>
  </testcase> <!-- @BeforeMethod beforeMethod -->
  <testcase name="@BeforeMethod beforeMethod" time="0.0" classname="Scripts.android.CountrySupportedTest">
    <skipped/>
  </testcase> <!-- @BeforeMethod beforeMethod -->
  <testcase name="@BeforeMethod beforeMethod" time="0.0" classname="Scripts.android.CountrySupportedTest">
    <skipped/>
  </testcase> <!-- @BeforeMethod beforeMethod -->
  <testcase name="@BeforeMethod beforeMethod" time="0.0" classname="Scripts.android.CountrySupportedTest">
    <skipped/>
  </testcase> <!-- @BeforeMethod beforeMethod -->
  <testcase name="@BeforeMethod beforeMethod" time="0.0" classname="Scripts.android.CountrySupportedTest">
    <skipped/>
  </testcase> <!-- @BeforeMethod beforeMethod -->
  <testcase name="@BeforeMethod beforeMethod" time="0.0" classname="Scripts.android.CountrySupportedTest">
    <skipped/>
  </testcase> <!-- @BeforeMethod beforeMethod -->
  <testcase name="@AfterTest aftertest" time="0.0" classname="Scripts.android.CountrySupportedTest">
    <skipped/>
  </testcase> <!-- @AfterTest aftertest -->
  <testcase name="test1_8_5" time="0.001" classname="Scripts.android.CountrySupportedTest">
    <skipped/>
  </testcase> <!-- test1_8_5 -->
  <testcase name="test1_9a_2" time="0.0" classname="Scripts.android.CountrySupportedTest">
    <skipped/>
  </testcase> <!-- test1_9a_2 -->
  <testcase name="test1_10_2" time="0.0" classname="Scripts.android.CountrySupportedTest">
    <skipped/>
  </testcase> <!-- test1_10_2 -->
  <testcase name="test1_10_3" time="0.001" classname="Scripts.android.CountrySupportedTest">
    <skipped/>
  </testcase> <!-- test1_10_3 -->
  <testcase name="test1_11_1" time="0.0" classname="Scripts.android.CountrySupportedTest">
    <skipped/>
  </testcase> <!-- test1_11_1 -->
  <testcase name="test1_11_2" time="0.0" classname="Scripts.android.CountrySupportedTest">
    <skipped/>
  </testcase> <!-- test1_11_2 -->
</testsuite> <!-- Sign in Smoke Test -->
