<?xml version="1.0" encoding="UTF-8"?>
<!-- Generated by org.testng.reporters.JUnitXMLReporter -->
<testsuite hostname="Davids-MacBook-Pro.local" name="Sign in Smoke Test" tests="6" failures="0" timestamp="17 Sep 2015 19:24:34 GMT" time="0.403" errors="0">
  <testcase name="@BeforeTest beforeTest" time="0.0" classname="Scripts.android.CountryNotSupportedTest">
    <failure type="java.lang.NullPointerException">
      <![CDATA[java.lang.NullPointerException
	at lib.Omnidriver.getScreenSize(Omnidriver.java:114)
	at lib.Library.setupEnveroment(Library.java:80)
	at Scripts.android.CountryNotSupportedTest.beforeTest(CountryNotSupportedTest.java:27)
... Removed 22 stack frames]]>
    </failure>
  </testcase> <!-- @BeforeTest beforeTest -->
  <testcase name="@BeforeMethod beforeMethod" time="0.0" classname="Scripts.android.CountryNotSupportedTest">
    <skipped/>
  </testcase> <!-- @BeforeMethod beforeMethod -->
  <testcase name="@BeforeMethod beforeMethod" time="0.0" classname="Scripts.android.CountryNotSupportedTest">
    <skipped/>
  </testcase> <!-- @BeforeMethod beforeMethod -->
  <testcase name="@BeforeMethod beforeMethod" time="0.0" classname="Scripts.android.CountryNotSupportedTest">
    <skipped/>
  </testcase> <!-- @BeforeMethod beforeMethod -->
  <testcase name="@BeforeMethod beforeMethod" time="0.0" classname="Scripts.android.CountryNotSupportedTest">
    <skipped/>
  </testcase> <!-- @BeforeMethod beforeMethod -->
  <testcase name="@BeforeMethod beforeMethod" time="0.0" classname="Scripts.android.CountryNotSupportedTest">
    <skipped/>
  </testcase> <!-- @BeforeMethod beforeMethod -->
  <testcase name="@BeforeMethod beforeMethod" time="0.0" classname="Scripts.android.CountryNotSupportedTest">
    <skipped/>
  </testcase> <!-- @BeforeMethod beforeMethod -->
  <testcase name="@AfterTest aftertest" time="0.0" classname="Scripts.android.CountryNotSupportedTest">
    <skipped/>
  </testcase> <!-- @AfterTest aftertest -->
  <testcase name="test1_8_4" time="0.0" classname="Scripts.android.CountryNotSupportedTest">
    <skipped/>
  </testcase> <!-- test1_8_4 -->
  <testcase name="test1_20_1" time="0.001" classname="Scripts.android.CountryNotSupportedTest">
    <skipped/>
  </testcase> <!-- test1_20_1 -->
  <testcase name="test1_22_1" time="0.0" classname="Scripts.android.CountryNotSupportedTest">
    <skipped/>
  </testcase> <!-- test1_22_1 -->
  <testcase name="test1_3_2" time="0.0" classname="Scripts.android.CountryNotSupportedTest">
    <skipped/>
  </testcase> <!-- test1_3_2 -->
  <testcase name="test1_4_2" time="0.001" classname="Scripts.android.CountryNotSupportedTest">
    <skipped/>
  </testcase> <!-- test1_4_2 -->
  <testcase name="test1_5_2" time="0.0" classname="Scripts.android.CountryNotSupportedTest">
    <skipped/>
  </testcase> <!-- test1_5_2 -->
</testsuite> <!-- Sign in Smoke Test -->
